#
# There is insufficient memory for the Java Runtime Environment to continue.
# Native memory allocation (mmap) failed to map 222298112 bytes for G1 virtual space
# Possible reasons:
#   The system is out of physical RAM or swap space
#   The process is running with CompressedOops enabled, and the Java Heap may be blocking the growth of the native heap
# Possible solutions:
#   Reduce memory load on the system
#   Increase physical memory or swap space
#   Check if swap backing store is full
#   Decrease Java heap size (-Xmx/-Xms)
#   Decrease number of Java threads
#   Decrease Java thread stack sizes (-Xss)
#   Set larger code cache with -XX:ReservedCodeCacheSize=
#   JVM is running with Zero Based Compressed Oops mode in which the Java heap is
#     placed in the first 32GB address space. The Java Heap base address is the
#     maximum limit for the native heap growth. Please use -XX:HeapBaseMinAddress
#     to set the Java Heap base and to place the Java Heap above 32GB virtual address.
# This output file may be truncated or incomplete.
#
#  Out of Memory Error (os_windows.cpp:3530), pid=22188, tid=9040
#
# JRE version: OpenJDK Runtime Environment Corretto-18.0.2.9.1 (18.0.2+9) (build 18.0.2+9-FR)
# Java VM: OpenJDK 64-Bit Server VM Corretto-18.0.2.9.1 (18.0.2+9-FR, mixed mode, sharing, tiered, compressed oops, compressed class ptrs, g1 gc, windows-amd64)
# No core dump will be written. Minidumps are not enabled by default on client versions of Windows
#

---------------  S U M M A R Y ------------

Command Line: -javaagent:D:\JetBrains\IntelliJ IDEA 2022.2.2\lib\idea_rt.jar=57806:D:\JetBrains\IntelliJ IDEA 2022.2.2\bin -Dfile.encoding=UTF-8 -Dsun.stdout.encoding=UTF-8 -Dsun.stderr.encoding=UTF-8 --module-path=C:\Users\Kiki\.m2\repository\org\openjfx\javafx-base\18.0.1\javafx-base-18.0.1-win.jar;C:\Users\Kiki\.m2\repository\org\openjfx\javafx-controls\18.0.1\javafx-controls-18.0.1-win.jar;D:\Faks\3. GODINA\Java 2\GameOfHunt\target\classes;C:\Users\Kiki\.m2\repository\org\openjfx\javafx-graphics\18.0.1\javafx-graphics-18.0.1-win.jar;C:\Users\Kiki\.m2\repository\org\openjfx\javafx-fxml\18.0.1\javafx-fxml-18.0.1-win.jar -Djdk.module.main=hr.algebra.java2.hunt hr.algebra.java2.hunt/hr.algebra.java2.hunt.StartMenuAplication

Host: AMD Ryzen 5 1600 Six-Core Processor            , 12 cores, 15G,  Windows 10 , 64 bit Build 19041 (10.0.19041.2364)
Time: Sat Jan 14 16:44:09 2023 Central Europe Standard Time elapsed time: 233.432229 seconds (0d 0h 3m 53s)

---------------  T H R E A D  ---------------

Current thread (0x0000015837b86880):  VMThread "VM Thread" [stack: 0x000000190e700000,0x000000190e800000] [id=9040]

Stack: [0x000000190e700000,0x000000190e800000]
Native frames: (J=compiled Java code, j=interpreted, Vv=VM code, C=native code)
V  [jvm.dll+0x685a2a]
V  [jvm.dll+0x82ae8d]
V  [jvm.dll+0x82c75e]
V  [jvm.dll+0x82ce03]
V  [jvm.dll+0x25ef4b]
V  [jvm.dll+0x6828ca]
V  [jvm.dll+0x67745a]
V  [jvm.dll+0x3243f9]
V  [jvm.dll+0x32ba86]
V  [jvm.dll+0x37e00a]
V  [jvm.dll+0x37e24f]
V  [jvm.dll+0x2fb50a]
V  [jvm.dll+0x2fe396]
V  [jvm.dll+0x308ce9]
V  [jvm.dll+0x33d0e0]
V  [jvm.dll+0x831b3b]
V  [jvm.dll+0x8328c8]
V  [jvm.dll+0x832e15]
V  [jvm.dll+0x833254]
V  [jvm.dll+0x833315]
V  [jvm.dll+0x7d9cba]
V  [jvm.dll+0x6848a5]
C  [ucrtbase.dll+0x21bb2]
C  [KERNEL32.DLL+0x17614]
C  [ntdll.dll+0x526a1]

VM_Operation (0x000000190e3ff840): G1Concurrent, mode: safepoint, requested by thread 0x0000015837b7ffb0


---------------  P R O C E S S  ---------------

Threads class SMR info:
_java_thread_list=0x0000015873e7f970, length=28, elements={
0x0000015837b00580, 0x000001585cfab060, 0x000001585cfac8e0, 0x000001585cfc1aa0,
0x000001585cfc3380, 0x000001585cfc5b30, 0x000001585cfc64d0, 0x000001585cfd11a0,
0x000001585cfd9fb0, 0x000001585cfdd5d0, 0x000001585cfc5190, 0x000001585cfc5660,
0x000001585cfc6000, 0x000001585cfc6e70, 0x000001585cfc69a0, 0x000001585cfc7340,
0x000001585cfc3e50, 0x000001585cfc47f0, 0x000001585cfc4320, 0x00000158625efd90,
0x00000158625eef20, 0x00000158625eba30, 0x00000158625f0260, 0x00000158625ecd70,
0x00000158625ee0b0, 0x00000158625ec3d0, 0x00000158625f0730, 0x00000158625eb090
}

Java Threads: ( => current thread )
  0x0000015837b00580 JavaThread "main" [_thread_blocked, id=22748, stack(0x000000190e100000,0x000000190e200000)]
  0x000001585cfab060 JavaThread "Reference Handler" daemon [_thread_blocked, id=13532, stack(0x000000190e800000,0x000000190e900000)]
  0x000001585cfac8e0 JavaThread "Finalizer" daemon [_thread_blocked, id=21648, stack(0x000000190e900000,0x000000190ea00000)]
  0x000001585cfc1aa0 JavaThread "Signal Dispatcher" daemon [_thread_blocked, id=25284, stack(0x000000190ea00000,0x000000190eb00000)]
  0x000001585cfc3380 JavaThread "Attach Listener" daemon [_thread_blocked, id=25292, stack(0x000000190eb00000,0x000000190ec00000)]
  0x000001585cfc5b30 JavaThread "Service Thread" daemon [_thread_blocked, id=25288, stack(0x000000190ec00000,0x000000190ed00000)]
  0x000001585cfc64d0 JavaThread "Monitor Deflation Thread" daemon [_thread_blocked, id=16292, stack(0x000000190ed00000,0x000000190ee00000)]
  0x000001585cfd11a0 JavaThread "C2 CompilerThread0" daemon [_thread_blocked, id=19512, stack(0x000000190ee00000,0x000000190ef00000)]
  0x000001585cfd9fb0 JavaThread "C1 CompilerThread0" daemon [_thread_blocked, id=25080, stack(0x000000190ef00000,0x000000190f000000)]
  0x000001585cfdd5d0 JavaThread "Sweeper thread" daemon [_thread_blocked, id=14236, stack(0x000000190f000000,0x000000190f100000)]
  0x000001585cfc5190 JavaThread "Common-Cleaner" daemon [_thread_blocked, id=13436, stack(0x000000190f100000,0x000000190f200000)]
  0x000001585cfc5660 JavaThread "Monitor Ctrl-Break" daemon [_thread_in_native, id=10324, stack(0x000000190f400000,0x000000190f500000)]
  0x000001585cfc6000 JavaThread "Notification Thread" daemon [_thread_blocked, id=15320, stack(0x000000190f500000,0x000000190f600000)]
  0x000001585cfc6e70 JavaThread "QuantumRenderer-0" daemon [_thread_blocked, id=24088, stack(0x000000190f700000,0x000000190f800000)]
  0x000001585cfc69a0 JavaThread "InvokeLaterDispatcher" daemon [_thread_blocked, id=23580, stack(0x000000190f900000,0x000000190fa00000)]
  0x000001585cfc7340 JavaThread "JavaFX Application Thread" [_thread_in_native, id=10064, stack(0x000000190fa00000,0x000000190fb00000)]
  0x000001585cfc3e50 JavaThread "Thread-1" daemon [_thread_blocked, id=6156, stack(0x000000190f200000,0x000000190f300000)]
  0x000001585cfc47f0 JavaThread "JavaFX-Launcher" [_thread_blocked, id=24364, stack(0x000000190f300000,0x000000190f400000)]
  0x000001585cfc4320 JavaThread "Java2D Disposer" daemon [_thread_blocked, id=20024, stack(0x000000190fc00000,0x000000190fd00000)]
  0x00000158625efd90 JavaThread "AWT-Windows" daemon [_thread_in_native, id=21332, stack(0x000000190fe00000,0x000000190ff00000)]
  0x00000158625eef20 JavaThread "D3D Screen Updater" daemon [_thread_blocked, id=23840, stack(0x0000001910bc0000,0x0000001910cc0000)]
  0x00000158625eba30 JavaThread "TimerQueue" daemon [_thread_blocked, id=14256, stack(0x0000001910cd0000,0x0000001910dd0000)]
  0x00000158625f0260 JavaThread "RMI Scheduler(0)" daemon [_thread_blocked, id=16012, stack(0x0000001910f30000,0x0000001911030000)]
  0x00000158625ecd70 JavaThread "RMI RenewClean-[192.168.0.139:57773]" daemon [_thread_blocked, id=18252, stack(0x0000001911030000,0x0000001911130000)]
  0x00000158625ee0b0 JavaThread "RMI GC Daemon" daemon [_thread_blocked, id=23448, stack(0x0000001911130000,0x0000001911230000)]
  0x00000158625ec3d0 JavaThread "pool-2-thread-1" [_thread_in_native, id=18236, stack(0x0000001911230000,0x0000001911330000)]
  0x00000158625f0730 JavaThread "Prism Font Disposer" daemon [_thread_blocked, id=21612, stack(0x0000001911c30000,0x0000001911d30000)]
  0x00000158625eb090 JavaThread "Cleaner-0" daemon [_thread_blocked, id=9148, stack(0x0000001911d30000,0x0000001911e30000)]

Other Threads:
=>0x0000015837b86880 VMThread "VM Thread" [stack: 0x000000190e700000,0x000000190e800000] [id=9040]
  0x0000015861761dd0 WatcherThread "VM Periodic Task Thread" [stack: 0x000000190f600000,0x000000190f700000] [id=24396]
  0x0000015837b6f130 WorkerThread "GC Thread#0" [stack: 0x000000190e200000,0x000000190e300000] [id=24780]
  0x000001586267e250 WorkerThread "GC Thread#1" [stack: 0x000000190ff00000,0x0000001910000000] [id=15896]
  0x000001586267da70 WorkerThread "GC Thread#2" [stack: 0x0000001910000000,0x0000001910100000] [id=15824]
  0x000001586267fc90 WorkerThread "GC Thread#3" [stack: 0x0000001910100000,0x0000001910200000] [id=24216]
  0x000001586267c810 WorkerThread "GC Thread#4" [stack: 0x0000001910200000,0x0000001910300000] [id=21904]
  0x000001586267c030 WorkerThread "GC Thread#5" [stack: 0x0000001910300000,0x0000001910400000] [id=20980]
  0x000001586267cab0 WorkerThread "GC Thread#6" [stack: 0x0000001910400000,0x0000001910500000] [id=10036]
  0x000001586267ea30 WorkerThread "GC Thread#7" [stack: 0x0000001910500000,0x0000001910600000] [id=10664]
  0x0000015862bde350 WorkerThread "GC Thread#8" [stack: 0x0000001911330000,0x0000001911430000] [id=24632]
  0x0000015862bddb70 WorkerThread "GC Thread#9" [stack: 0x0000001911430000,0x0000001911530000] [id=24636]
  0x0000015837b7ffb0 ConcurrentGCThread "G1 Main Marker" [stack: 0x000000190e300000,0x000000190e400000] [id=17648]
  0x0000015837b81140 WorkerThread "G1 Conc#0" [stack: 0x000000190e400000,0x000000190e500000] [id=19752]
  0x0000015862bdd630 WorkerThread "G1 Conc#1" [stack: 0x0000001911630000,0x0000001911730000] [id=10572]
  0x0000015862bdf070 WorkerThread "G1 Conc#2" [stack: 0x0000001911730000,0x0000001911830000] [id=23392]
  0x000001585ce5c0e0 ConcurrentGCThread "G1 Refine#0" [stack: 0x000000190e500000,0x000000190e600000] [id=20012]
  0x000001586af44bc0 ConcurrentGCThread "G1 Refine#1" [stack: 0x0000001911530000,0x0000001911630000] [id=24640]
  0x000001586af44e90 ConcurrentGCThread "G1 Refine#2" [stack: 0x0000001911830000,0x0000001911930000] [id=21280]
  0x000001586af45f70 ConcurrentGCThread "G1 Refine#3" [stack: 0x0000001911930000,0x0000001911a30000] [id=6764]
  0x000001586af46510 ConcurrentGCThread "G1 Refine#4" [stack: 0x0000001911a30000,0x0000001911b30000] [id=12168]
  0x000001586af45430 ConcurrentGCThread "G1 Refine#5" [stack: 0x0000001911b30000,0x0000001911c30000] [id=6308]
  0x000001585ce5e610 ConcurrentGCThread "G1 Service" [stack: 0x000000190e600000,0x000000190e700000] [id=10740]

Threads with active compile tasks:

VM state: at safepoint (normal execution)

VM Mutex/Monitor currently owned by a thread:  ([mutex/lock_event])
[0x0000015837afc4a0] Threads_lock - owner thread: 0x0000015837b86880
[0x0000015837afb210] Heap_lock - owner thread: 0x0000015837b7ffb0

Heap address: 0x0000000700a00000, size: 4086 MB, Compressed Oops mode: Zero based, Oop shift amount: 3

CDS archive(s) mapped at: [0x0000000800000000-0x0000000800ba0000-0x0000000800ba0000), size 12189696, SharedBaseAddress: 0x0000000800000000, ArchiveRelocationMode: 0.
Compressed class space mapped at: 0x0000000800c00000-0x0000000840c00000, reserved size: 1073741824
Narrow klass base: 0x0000000800000000, Narrow klass shift: 0, Narrow klass range: 0x100000000

GC Precious Log:
 CardTable entry size: 512
 Card Set container configuration: InlinePtr #cards 4 size 8 Array Of Cards #cards 16 size 48 Howl #buckets 8 coarsen threshold 3686 Howl Bitmap #cards 512 size 80 coarsen threshold 460 Card regions per heap region 1 cards per card region 4096
 CPUs: 12 total, 12 available
 Memory: 16336M
 Large Page Support: Disabled
 NUMA Support: Disabled
 Compressed Oops: Enabled (Zero based)
 Heap Region Size: 2M
 Heap Min Capacity: 8M
 Heap Initial Capacity: 256M
 Heap Max Capacity: 4086M
 Pre-touch: Disabled
 Parallel Workers: 10
 Concurrent Workers: 3
 Concurrent Refinement Workers: 10
 Periodic GC: Disabled

Heap:
 garbage-first heap   total 468992K, used 408954K [0x0000000700a00000, 0x0000000800000000)
  region size 2048K, 2 young (4096K), 1 survivors (2048K)
 Metaspace       used 31832K, committed 32320K, reserved 1114112K
  class space    used 3962K, committed 4224K, reserved 1048576K

Heap Regions: E=young(eden), S=young(survivor), O=old, HS=humongous(starts), HC=humongous(continues), CS=collection set, F=free, OA=open archive, CA=closed archive, TAMS=top-at-mark-start (previous, next)
|   0|0x0000000700a00000, 0x0000000700c00000, 0x0000000700c00000|100%| O|  |TAMS 0x0000000700c00000, 0x0000000700a00000| Untracked 
|   1|0x0000000700c00000, 0x0000000700e00000, 0x0000000700e00000|100%| O|  |TAMS 0x0000000700e00000, 0x0000000700c00000| Untracked 
|   2|0x0000000700e00000, 0x0000000701000000, 0x0000000701000000|100%|HS|  |TAMS 0x0000000701000000, 0x0000000700e00000| Complete 
|   3|0x0000000701000000, 0x0000000701200000, 0x0000000701200000|100%|HS|  |TAMS 0x0000000701200000, 0x0000000701000000| Complete 
|   4|0x0000000701200000, 0x0000000701400000, 0x0000000701400000|100%|HC|  |TAMS 0x0000000701400000, 0x0000000701200000| Complete 
|   5|0x0000000701400000, 0x0000000701600000, 0x0000000701600000|100%| O|  |TAMS 0x0000000701600000, 0x0000000701400000| Untracked 
|   6|0x0000000701600000, 0x0000000701800000, 0x0000000701800000|100%| O|  |TAMS 0x0000000701800000, 0x0000000701600000| Updating 
|   7|0x0000000701800000, 0x0000000701a00000, 0x0000000701a00000|100%| O|  |TAMS 0x0000000701a00000, 0x0000000701800000| Updating 
|   8|0x0000000701a00000, 0x0000000701c00000, 0x0000000701c00000|100%| O|  |TAMS 0x0000000701c00000, 0x0000000701a00000| Updating 
|   9|0x0000000701c00000, 0x0000000701e00000, 0x0000000701e00000|100%|HS|  |TAMS 0x0000000701e00000, 0x0000000701c00000| Complete 
|  10|0x0000000701e00000, 0x0000000702000000, 0x0000000702000000|100%|HS|  |TAMS 0x0000000702000000, 0x0000000701e00000| Complete 
|  11|0x0000000702000000, 0x0000000702200000, 0x0000000702200000|100%|HS|  |TAMS 0x0000000702200000, 0x0000000702000000| Complete 
|  12|0x0000000702200000, 0x0000000702400000, 0x0000000702400000|100%|HS|  |TAMS 0x0000000702400000, 0x0000000702200000| Complete 
|  13|0x0000000702400000, 0x0000000702600000, 0x0000000702600000|100%|HS|  |TAMS 0x0000000702600000, 0x0000000702400000| Complete 
|  14|0x0000000702600000, 0x0000000702800000, 0x0000000702800000|100%|HC|  |TAMS 0x0000000702800000, 0x0000000702600000| Complete 
|  15|0x0000000702800000, 0x0000000702a00000, 0x0000000702a00000|100%|HS|  |TAMS 0x0000000702a00000, 0x0000000702800000| Complete 
|  16|0x0000000702a00000, 0x0000000702c00000, 0x0000000702c00000|100%|HC|  |TAMS 0x0000000702c00000, 0x0000000702a00000| Complete 
|  17|0x0000000702c00000, 0x0000000702e00000, 0x0000000702e00000|100%|HS|  |TAMS 0x0000000702e00000, 0x0000000702c00000| Complete 
|  18|0x0000000702e00000, 0x0000000703000000, 0x0000000703000000|100%|HS|  |TAMS 0x0000000703000000, 0x0000000702e00000| Complete 
|  19|0x0000000703000000, 0x0000000703200000, 0x0000000703200000|100%|HS|  |TAMS 0x0000000703200000, 0x0000000703000000| Complete 
|  20|0x0000000703200000, 0x0000000703400000, 0x0000000703400000|100%|HS|  |TAMS 0x0000000703400000, 0x0000000703200000| Complete 
|  21|0x0000000703400000, 0x0000000703600000, 0x0000000703600000|100%|HS|  |TAMS 0x0000000703600000, 0x0000000703400000| Complete 
|  22|0x0000000703600000, 0x0000000703800000, 0x0000000703800000|100%|HS|  |TAMS 0x0000000703800000, 0x0000000703600000| Complete 
|  23|0x0000000703800000, 0x0000000703a00000, 0x0000000703a00000|100%|HS|  |TAMS 0x0000000703a00000, 0x0000000703800000| Complete 
|  24|0x0000000703a00000, 0x0000000703c00000, 0x0000000703c00000|100%|HS|  |TAMS 0x0000000703c00000, 0x0000000703a00000| Complete 
|  25|0x0000000703c00000, 0x0000000703e00000, 0x0000000703e00000|100%|HS|  |TAMS 0x0000000703e00000, 0x0000000703c00000| Complete 
|  26|0x0000000703e00000, 0x0000000704000000, 0x0000000704000000|100%|HS|  |TAMS 0x0000000704000000, 0x0000000703e00000| Complete 
|  27|0x0000000704000000, 0x0000000704200000, 0x0000000704200000|100%|HS|  |TAMS 0x0000000704200000, 0x0000000704000000| Complete 
|  28|0x0000000704200000, 0x0000000704400000, 0x0000000704400000|100%|HS|  |TAMS 0x0000000704400000, 0x0000000704200000| Complete 
|  29|0x0000000704400000, 0x0000000704600000, 0x0000000704600000|100%| O|  |TAMS 0x0000000704600000, 0x0000000704400000| Untracked 
|  30|0x0000000704600000, 0x0000000704800000, 0x0000000704800000|100%| O|  |TAMS 0x0000000704800000, 0x0000000704600000| Updating 
|  31|0x0000000704800000, 0x0000000704a00000, 0x0000000704a00000|100%| O|  |TAMS 0x0000000704a00000, 0x0000000704800000| Untracked 
|  32|0x0000000704a00000, 0x0000000704c00000, 0x0000000704c00000|100%| O|  |TAMS 0x0000000704c00000, 0x0000000704a00000| Untracked 
|  33|0x0000000704c00000, 0x0000000704e00000, 0x0000000704e00000|100%| O|  |TAMS 0x0000000704e00000, 0x0000000704c00000| Updating 
|  34|0x0000000704e00000, 0x0000000705000000, 0x0000000705000000|100%|HS|  |TAMS 0x0000000705000000, 0x0000000704e00000| Complete 
|  35|0x0000000705000000, 0x0000000705200000, 0x0000000705200000|100%|HS|  |TAMS 0x0000000705200000, 0x0000000705000000| Complete 
|  36|0x0000000705200000, 0x0000000705400000, 0x0000000705400000|100%|HS|  |TAMS 0x0000000705400000, 0x0000000705200000| Complete 
|  37|0x0000000705400000, 0x0000000705600000, 0x0000000705600000|100%|HS|  |TAMS 0x0000000705600000, 0x0000000705400000| Complete 
|  38|0x0000000705600000, 0x0000000705800000, 0x0000000705800000|100%|HS|  |TAMS 0x0000000705800000, 0x0000000705600000| Complete 
|  39|0x0000000705800000, 0x0000000705a00000, 0x0000000705a00000|100%| O|  |TAMS 0x0000000705a00000, 0x0000000705800000| Untracked 
|  40|0x0000000705a00000, 0x0000000705c00000, 0x0000000705c00000|100%|HS|  |TAMS 0x0000000705c00000, 0x0000000705a00000| Complete 
|  41|0x0000000705c00000, 0x0000000705e00000, 0x0000000705e00000|100%|HS|  |TAMS 0x0000000705e00000, 0x0000000705c00000| Complete 
|  42|0x0000000705e00000, 0x0000000706000000, 0x0000000706000000|100%| O|  |TAMS 0x0000000706000000, 0x0000000705e00000| Untracked 
|  43|0x0000000706000000, 0x0000000706200000, 0x0000000706200000|100%| O|  |TAMS 0x0000000706200000, 0x0000000706000000| Untracked 
|  44|0x0000000706200000, 0x0000000706400000, 0x0000000706400000|100%| O|  |TAMS 0x0000000706400000, 0x0000000706200000| Untracked 
|  45|0x0000000706400000, 0x0000000706600000, 0x0000000706600000|100%| O|  |TAMS 0x0000000706600000, 0x0000000706400000| Untracked 
|  46|0x0000000706600000, 0x0000000706800000, 0x0000000706800000|100%| O|  |TAMS 0x0000000706800000, 0x0000000706600000| Updating 
|  47|0x0000000706800000, 0x0000000706a00000, 0x0000000706a00000|100%|HS|  |TAMS 0x0000000706a00000, 0x0000000706800000| Complete 
|  48|0x0000000706a00000, 0x0000000706c00000, 0x0000000706c00000|100%|HS|  |TAMS 0x0000000706c00000, 0x0000000706a00000| Complete 
|  49|0x0000000706c00000, 0x0000000706e00000, 0x0000000706e00000|100%| O|  |TAMS 0x0000000706e00000, 0x0000000706c00000| Updating 
|  50|0x0000000706e00000, 0x0000000707000000, 0x0000000707000000|100%| O|  |TAMS 0x0000000707000000, 0x0000000706e00000| Untracked 
|  51|0x0000000707000000, 0x0000000707200000, 0x0000000707200000|100%| O|  |TAMS 0x0000000707200000, 0x0000000707000000| Updating 
|  52|0x0000000707200000, 0x0000000707400000, 0x0000000707400000|100%|HS|  |TAMS 0x0000000707400000, 0x0000000707200000| Complete 
|  53|0x0000000707400000, 0x0000000707600000, 0x0000000707600000|100%|HS|  |TAMS 0x0000000707600000, 0x0000000707400000| Complete 
|  54|0x0000000707600000, 0x0000000707800000, 0x0000000707800000|100%| O|  |TAMS 0x0000000707800000, 0x0000000707600000| Untracked 
|  55|0x0000000707800000, 0x0000000707a00000, 0x0000000707a00000|100%| O|  |TAMS 0x0000000707a00000, 0x0000000707800000| Untracked 
|  56|0x0000000707a00000, 0x0000000707c00000, 0x0000000707c00000|100%|HS|  |TAMS 0x0000000707c00000, 0x0000000707a00000| Complete 
|  57|0x0000000707c00000, 0x0000000707e00000, 0x0000000707e00000|100%|HS|  |TAMS 0x0000000707e00000, 0x0000000707c00000| Complete 
|  58|0x0000000707e00000, 0x0000000708000000, 0x0000000708000000|100%|HS|  |TAMS 0x0000000708000000, 0x0000000707e00000| Complete 
|  59|0x0000000708000000, 0x0000000708200000, 0x0000000708200000|100%|HS|  |TAMS 0x0000000708200000, 0x0000000708000000| Complete 
|  60|0x0000000708200000, 0x0000000708400000, 0x0000000708400000|100%|HS|  |TAMS 0x0000000708400000, 0x0000000708200000| Complete 
|  61|0x0000000708400000, 0x0000000708600000, 0x0000000708600000|100%| O|  |TAMS 0x0000000708600000, 0x0000000708400000| Updating 
|  62|0x0000000708600000, 0x0000000708800000, 0x0000000708800000|100%| O|  |TAMS 0x0000000708800000, 0x0000000708600000| Updating 
|  63|0x0000000708800000, 0x0000000708a00000, 0x0000000708a00000|100%|HS|  |TAMS 0x0000000708a00000, 0x0000000708800000| Complete 
|  64|0x0000000708a00000, 0x0000000708c00000, 0x0000000708c00000|100%|HS|  |TAMS 0x0000000708c00000, 0x0000000708a00000| Complete 
|  65|0x0000000708c00000, 0x0000000708e00000, 0x0000000708e00000|100%|HS|  |TAMS 0x0000000708e00000, 0x0000000708c00000| Complete 
|  66|0x0000000708e00000, 0x0000000709000000, 0x0000000709000000|100%|HS|  |TAMS 0x0000000709000000, 0x0000000708e00000| Complete 
|  67|0x0000000709000000, 0x0000000709200000, 0x0000000709200000|100%|HS|  |TAMS 0x0000000709200000, 0x0000000709000000| Complete 
|  68|0x0000000709200000, 0x0000000709400000, 0x0000000709400000|100%|HS|  |TAMS 0x0000000709400000, 0x0000000709200000| Complete 
|  69|0x0000000709400000, 0x0000000709600000, 0x0000000709600000|100%|HS|  |TAMS 0x0000000709600000, 0x0000000709400000| Complete 
|  70|0x0000000709600000, 0x0000000709800000, 0x0000000709800000|100%| O|  |TAMS 0x0000000709800000, 0x0000000709600000| Untracked 
|  71|0x0000000709800000, 0x0000000709a00000, 0x0000000709a00000|100%| O|  |TAMS 0x0000000709a00000, 0x0000000709800000| Untracked 
|  72|0x0000000709a00000, 0x0000000709c00000, 0x0000000709c00000|100%| O|  |TAMS 0x0000000709c00000, 0x0000000709a00000| Untracked 
|  73|0x0000000709c00000, 0x0000000709e00000, 0x0000000709e00000|100%| O|  |TAMS 0x0000000709e00000, 0x0000000709c00000| Untracked 
|  74|0x0000000709e00000, 0x000000070a000000, 0x000000070a000000|100%|HS|  |TAMS 0x000000070a000000, 0x0000000709e00000| Complete 
|  75|0x000000070a000000, 0x000000070a200000, 0x000000070a200000|100%|HS|  |TAMS 0x000000070a200000, 0x000000070a000000| Complete 
|  76|0x000000070a200000, 0x000000070a400000, 0x000000070a400000|100%|HS|  |TAMS 0x000000070a400000, 0x000000070a200000| Complete 
|  77|0x000000070a400000, 0x000000070a600000, 0x000000070a600000|100%|HS|  |TAMS 0x000000070a600000, 0x000000070a400000| Complete 
|  78|0x000000070a600000, 0x000000070a800000, 0x000000070a800000|100%| O|  |TAMS 0x000000070a800000, 0x000000070a600000| Updating 
|  79|0x000000070a800000, 0x000000070aa00000, 0x000000070aa00000|100%| O|  |TAMS 0x000000070aa00000, 0x000000070a800000| Untracked 
|  80|0x000000070aa00000, 0x000000070ac00000, 0x000000070ac00000|100%| O|  |TAMS 0x000000070ac00000, 0x000000070aa00000| Untracked 
|  81|0x000000070ac00000, 0x000000070ae00000, 0x000000070ae00000|100%| O|  |TAMS 0x000000070ae00000, 0x000000070ac00000| Updating 
|  82|0x000000070ae00000, 0x000000070b000000, 0x000000070b000000|100%|HS|  |TAMS 0x000000070b000000, 0x000000070ae00000| Complete 
|  83|0x000000070b000000, 0x000000070b200000, 0x000000070b200000|100%|HS|  |TAMS 0x000000070b200000, 0x000000070b000000| Complete 
|  84|0x000000070b200000, 0x000000070b400000, 0x000000070b400000|100%|HS|  |TAMS 0x000000070b400000, 0x000000070b200000| Complete 
|  85|0x000000070b400000, 0x000000070b600000, 0x000000070b600000|100%| O|  |TAMS 0x000000070b600000, 0x000000070b400000| Updating 
|  86|0x000000070b600000, 0x000000070b800000, 0x000000070b800000|100%| O|  |TAMS 0x000000070b800000, 0x000000070b600000| Updating 
|  87|0x000000070b800000, 0x000000070ba00000, 0x000000070ba00000|100%|HS|  |TAMS 0x000000070ba00000, 0x000000070b800000| Complete 
|  88|0x000000070ba00000, 0x000000070bc00000, 0x000000070bc00000|100%|HS|  |TAMS 0x000000070bc00000, 0x000000070ba00000| Complete 
|  89|0x000000070bc00000, 0x000000070be00000, 0x000000070be00000|100%|HS|  |TAMS 0x000000070be00000, 0x000000070bc00000| Complete 
|  90|0x000000070be00000, 0x000000070c000000, 0x000000070c000000|100%|HS|  |TAMS 0x000000070c000000, 0x000000070be00000| Complete 
|  91|0x000000070c000000, 0x000000070c200000, 0x000000070c200000|100%|HS|  |TAMS 0x000000070c200000, 0x000000070c000000| Complete 
|  92|0x000000070c200000, 0x000000070c400000, 0x000000070c400000|100%|HS|  |TAMS 0x000000070c400000, 0x000000070c200000| Complete 
|  93|0x000000070c400000, 0x000000070c600000, 0x000000070c600000|100%| O|  |TAMS 0x000000070c600000, 0x000000070c400000| Untracked 
|  94|0x000000070c600000, 0x000000070c800000, 0x000000070c800000|100%| O|  |TAMS 0x000000070c800000, 0x000000070c600000| Untracked 
|  95|0x000000070c800000, 0x000000070ca00000, 0x000000070ca00000|100%| O|  |TAMS 0x000000070ca00000, 0x000000070c800000| Updating 
|  96|0x000000070ca00000, 0x000000070cc00000, 0x000000070cc00000|100%|HS|  |TAMS 0x000000070cc00000, 0x000000070ca00000| Complete 
|  97|0x000000070cc00000, 0x000000070ce00000, 0x000000070ce00000|100%|HS|  |TAMS 0x000000070ce00000, 0x000000070cc00000| Complete 
|  98|0x000000070ce00000, 0x000000070d000000, 0x000000070d000000|100%|HS|  |TAMS 0x000000070d000000, 0x000000070ce00000| Complete 
|  99|0x000000070d000000, 0x000000070d200000, 0x000000070d200000|100%|HS|  |TAMS 0x000000070d200000, 0x000000070d000000| Complete 
| 100|0x000000070d200000, 0x000000070d400000, 0x000000070d400000|100%|HS|  |TAMS 0x000000070d400000, 0x000000070d200000| Complete 
| 101|0x000000070d400000, 0x000000070d600000, 0x000000070d600000|100%|HS|  |TAMS 0x000000070d600000, 0x000000070d400000| Complete 
| 102|0x000000070d600000, 0x000000070d800000, 0x000000070d800000|100%| O|  |TAMS 0x000000070d800000, 0x000000070d600000| Untracked 
| 103|0x000000070d800000, 0x000000070da00000, 0x000000070da00000|100%| O|  |TAMS 0x000000070da00000, 0x000000070d800000| Untracked 
| 104|0x000000070da00000, 0x000000070dc00000, 0x000000070dc00000|100%|HS|  |TAMS 0x000000070dc00000, 0x000000070da00000| Complete 
| 105|0x000000070dc00000, 0x000000070de00000, 0x000000070de00000|100%|HS|  |TAMS 0x000000070de00000, 0x000000070dc00000| Complete 
| 106|0x000000070de00000, 0x000000070e000000, 0x000000070e000000|100%|HS|  |TAMS 0x000000070e000000, 0x000000070de00000| Complete 
| 107|0x000000070e000000, 0x000000070e200000, 0x000000070e200000|100%| O|  |TAMS 0x000000070e200000, 0x000000070e000000| Updating 
| 108|0x000000070e200000, 0x000000070e400000, 0x000000070e400000|100%| O|  |TAMS 0x000000070e400000, 0x000000070e200000| Untracked 
| 109|0x000000070e400000, 0x000000070e600000, 0x000000070e600000|100%| O|  |TAMS 0x000000070e600000, 0x000000070e400000| Untracked 
| 110|0x000000070e600000, 0x000000070e800000, 0x000000070e800000|100%| O|  |TAMS 0x000000070e800000, 0x000000070e600000| Untracked 
| 111|0x000000070e800000, 0x000000070ea00000, 0x000000070ea00000|100%| O|  |TAMS 0x000000070ea00000, 0x000000070e800000| Untracked 
| 112|0x000000070ea00000, 0x000000070ec00000, 0x000000070ec00000|100%|HS|  |TAMS 0x000000070ec00000, 0x000000070ea00000| Complete 
| 113|0x000000070ec00000, 0x000000070ee00000, 0x000000070ee00000|100%|HS|  |TAMS 0x000000070ee00000, 0x000000070ec00000| Complete 
| 114|0x000000070ee00000, 0x000000070f000000, 0x000000070f000000|100%|HS|  |TAMS 0x000000070f000000, 0x000000070ee00000| Complete 
| 115|0x000000070f000000, 0x000000070f200000, 0x000000070f200000|100%|HS|  |TAMS 0x000000070f200000, 0x000000070f000000| Complete 
| 116|0x000000070f200000, 0x000000070f400000, 0x000000070f400000|100%|HS|  |TAMS 0x000000070f400000, 0x000000070f200000| Complete 
| 117|0x000000070f400000, 0x000000070f600000, 0x000000070f600000|100%|HS|  |TAMS 0x000000070f600000, 0x000000070f400000| Complete 
| 118|0x000000070f600000, 0x000000070f800000, 0x000000070f800000|100%|HS|  |TAMS 0x000000070f800000, 0x000000070f600000| Complete 
| 119|0x000000070f800000, 0x000000070fa00000, 0x000000070fa00000|100%|HS|  |TAMS 0x000000070fa00000, 0x000000070f800000| Complete 
| 120|0x000000070fa00000, 0x000000070fc00000, 0x000000070fc00000|100%|HS|  |TAMS 0x000000070fc00000, 0x000000070fa00000| Complete 
| 121|0x000000070fc00000, 0x000000070fe00000, 0x000000070fe00000|100%| O|  |TAMS 0x000000070fe00000, 0x000000070fc00000| Untracked 
| 122|0x000000070fe00000, 0x0000000710000000, 0x0000000710000000|100%|HS|  |TAMS 0x0000000710000000, 0x000000070fe00000| Complete 
| 123|0x0000000710000000, 0x0000000710200000, 0x0000000710200000|100%| O|  |TAMS 0x0000000710200000, 0x0000000710000000| Untracked 
| 124|0x0000000710200000, 0x0000000710400000, 0x0000000710400000|100%| O|  |TAMS 0x0000000710400000, 0x0000000710200000| Updating 
| 125|0x0000000710400000, 0x0000000710600000, 0x0000000710600000|100%|HS|  |TAMS 0x0000000710600000, 0x0000000710400000| Complete 
| 126|0x0000000710600000, 0x0000000710800000, 0x0000000710800000|100%|HS|  |TAMS 0x0000000710800000, 0x0000000710600000| Complete 
| 127|0x0000000710800000, 0x0000000710a00000, 0x0000000710a00000|100%|HS|  |TAMS 0x0000000710a00000, 0x0000000710800000| Complete 
| 128|0x0000000710a00000, 0x0000000710c00000, 0x0000000710c00000|100%|HS|  |TAMS 0x0000000710c00000, 0x0000000710a00000| Complete 
| 129|0x0000000710c00000, 0x0000000710e00000, 0x0000000710e00000|100%| O|  |TAMS 0x0000000710e00000, 0x0000000710c00000| Untracked 
| 130|0x0000000710e00000, 0x0000000711000000, 0x0000000711000000|100%| O|  |TAMS 0x0000000711000000, 0x0000000710e00000| Updating 
| 131|0x0000000711000000, 0x0000000711200000, 0x0000000711200000|100%| O|  |TAMS 0x0000000711200000, 0x0000000711000000| Untracked 
| 132|0x0000000711200000, 0x0000000711400000, 0x0000000711400000|100%| O|  |TAMS 0x0000000711400000, 0x0000000711200000| Untracked 
| 133|0x0000000711400000, 0x0000000711600000, 0x0000000711600000|100%| O|  |TAMS 0x0000000711600000, 0x0000000711400000| Untracked 
| 134|0x0000000711600000, 0x0000000711800000, 0x0000000711800000|100%|HS|  |TAMS 0x0000000711800000, 0x0000000711600000| Complete 
| 135|0x0000000711800000, 0x0000000711a00000, 0x0000000711a00000|100%|HS|  |TAMS 0x0000000711a00000, 0x0000000711800000| Complete 
| 136|0x0000000711a00000, 0x0000000711c00000, 0x0000000711c00000|100%|HS|  |TAMS 0x0000000711c00000, 0x0000000711a00000| Complete 
| 137|0x0000000711c00000, 0x0000000711e00000, 0x0000000711e00000|100%|HS|  |TAMS 0x0000000711e00000, 0x0000000711c00000| Complete 
| 138|0x0000000711e00000, 0x0000000712000000, 0x0000000712000000|100%|HS|  |TAMS 0x0000000712000000, 0x0000000711e00000| Complete 
| 139|0x0000000712000000, 0x0000000712200000, 0x0000000712200000|100%|HS|  |TAMS 0x0000000712200000, 0x0000000712000000| Complete 
| 140|0x0000000712200000, 0x0000000712400000, 0x0000000712400000|100%| O|  |TAMS 0x0000000712400000, 0x0000000712200000| Untracked 
| 141|0x0000000712400000, 0x0000000712600000, 0x0000000712600000|100%| O|  |TAMS 0x0000000712600000, 0x0000000712400000| Updating 
| 142|0x0000000712600000, 0x0000000712800000, 0x0000000712800000|100%|HS|  |TAMS 0x0000000712800000, 0x0000000712600000| Complete 
| 143|0x0000000712800000, 0x0000000712a00000, 0x0000000712a00000|100%|HS|  |TAMS 0x0000000712a00000, 0x0000000712800000| Complete 
| 144|0x0000000712a00000, 0x0000000712c00000, 0x0000000712c00000|100%|HS|  |TAMS 0x0000000712c00000, 0x0000000712a00000| Complete 
| 145|0x0000000712c00000, 0x0000000712e00000, 0x0000000712e00000|100%|HS|  |TAMS 0x0000000712e00000, 0x0000000712c00000| Complete 
| 146|0x0000000712e00000, 0x0000000713000000, 0x0000000713000000|100%|HS|  |TAMS 0x0000000713000000, 0x0000000712e00000| Complete 
| 147|0x0000000713000000, 0x0000000713200000, 0x0000000713200000|100%|HS|  |TAMS 0x0000000713200000, 0x0000000713000000| Complete 
| 148|0x0000000713200000, 0x0000000713400000, 0x0000000713400000|100%|HS|  |TAMS 0x0000000713400000, 0x0000000713200000| Complete 
| 149|0x0000000713400000, 0x0000000713600000, 0x0000000713600000|100%|HS|  |TAMS 0x0000000713600000, 0x0000000713400000| Complete 
| 150|0x0000000713600000, 0x0000000713800000, 0x0000000713800000|100%|HS|  |TAMS 0x0000000713800000, 0x0000000713600000| Complete 
| 151|0x0000000713800000, 0x0000000713a00000, 0x0000000713a00000|100%| O|  |TAMS 0x0000000713a00000, 0x0000000713800000| Untracked 
| 152|0x0000000713a00000, 0x0000000713c00000, 0x0000000713c00000|100%| O|  |TAMS 0x0000000713c00000, 0x0000000713a00000| Untracked 
| 153|0x0000000713c00000, 0x0000000713e00000, 0x0000000713e00000|100%| O|  |TAMS 0x0000000713e00000, 0x0000000713c00000| Untracked 
| 154|0x0000000713e00000, 0x0000000714000000, 0x0000000714000000|100%| O|  |TAMS 0x0000000714000000, 0x0000000713e00000| Untracked 
| 155|0x0000000714000000, 0x0000000714200000, 0x0000000714200000|100%| O|  |TAMS 0x0000000714200000, 0x0000000714000000| Untracked 
| 156|0x0000000714200000, 0x0000000714400000, 0x0000000714400000|100%|HS|  |TAMS 0x0000000714400000, 0x0000000714200000| Complete 
| 157|0x0000000714400000, 0x0000000714600000, 0x0000000714600000|100%|HS|  |TAMS 0x0000000714600000, 0x0000000714400000| Complete 
| 158|0x0000000714600000, 0x0000000714800000, 0x0000000714800000|100%|HS|  |TAMS 0x0000000714800000, 0x0000000714600000| Complete 
| 159|0x0000000714800000, 0x0000000714a00000, 0x0000000714a00000|100%|HS|  |TAMS 0x0000000714a00000, 0x0000000714800000| Complete 
| 160|0x0000000714a00000, 0x0000000714c00000, 0x0000000714c00000|100%|HS|  |TAMS 0x0000000714c00000, 0x0000000714a00000| Complete 
| 161|0x0000000714c00000, 0x0000000714e00000, 0x0000000714e00000|100%|HS|  |TAMS 0x0000000714e00000, 0x0000000714c00000| Complete 
| 162|0x0000000714e00000, 0x0000000715000000, 0x0000000715000000|100%|HS|  |TAMS 0x0000000715000000, 0x0000000714e00000| Complete 
| 163|0x0000000715000000, 0x0000000715200000, 0x0000000715200000|100%|HS|  |TAMS 0x0000000715200000, 0x0000000715000000| Complete 
| 164|0x0000000715200000, 0x0000000715400000, 0x0000000715400000|100%|HS|  |TAMS 0x0000000715400000, 0x0000000715200000| Complete 
| 165|0x0000000715400000, 0x0000000715600000, 0x0000000715600000|100%|HS|  |TAMS 0x0000000715600000, 0x0000000715400000| Complete 
| 166|0x0000000715600000, 0x0000000715800000, 0x0000000715800000|100%|HS|  |TAMS 0x0000000715800000, 0x0000000715600000| Complete 
| 167|0x0000000715800000, 0x0000000715a00000, 0x0000000715a00000|100%|HS|  |TAMS 0x0000000715a00000, 0x0000000715800000| Complete 
| 168|0x0000000715a00000, 0x0000000715c00000, 0x0000000715c00000|100%|HS|  |TAMS 0x0000000715c00000, 0x0000000715a00000| Complete 
| 169|0x0000000715c00000, 0x0000000715e00000, 0x0000000715e00000|100%|HS|  |TAMS 0x0000000715e00000, 0x0000000715c00000| Complete 
| 170|0x0000000715e00000, 0x0000000716000000, 0x0000000716000000|100%|HS|  |TAMS 0x0000000716000000, 0x0000000715e00000| Complete 
| 171|0x0000000716000000, 0x0000000716200000, 0x0000000716200000|100%|HS|  |TAMS 0x0000000716200000, 0x0000000716000000| Complete 
| 172|0x0000000716200000, 0x0000000716400000, 0x0000000716400000|100%|HS|  |TAMS 0x0000000716400000, 0x0000000716200000| Complete 
| 173|0x0000000716400000, 0x0000000716600000, 0x0000000716600000|100%|HS|  |TAMS 0x0000000716600000, 0x0000000716400000| Complete 
| 174|0x0000000716600000, 0x0000000716800000, 0x0000000716800000|100%|HS|  |TAMS 0x0000000716800000, 0x0000000716600000| Complete 
| 175|0x0000000716800000, 0x0000000716a00000, 0x0000000716a00000|100%| O|  |TAMS 0x0000000716a00000, 0x0000000716800000| Untracked 
| 176|0x0000000716a00000, 0x0000000716c00000, 0x0000000716c00000|100%| O|  |TAMS 0x0000000716c00000, 0x0000000716a00000| Untracked 
| 177|0x0000000716c00000, 0x0000000716e00000, 0x0000000716e00000|100%| O|  |TAMS 0x0000000716e00000, 0x0000000716c00000| Untracked 
| 178|0x0000000716e00000, 0x0000000717000000, 0x0000000717000000|100%| O|  |TAMS 0x0000000717000000, 0x0000000716e00000| Untracked 
| 179|0x0000000717000000, 0x0000000717200000, 0x0000000717200000|100%| O|  |TAMS 0x0000000717200000, 0x0000000717000000| Untracked 
| 180|0x0000000717200000, 0x0000000717400000, 0x0000000717400000|100%| O|  |TAMS 0x0000000717400000, 0x0000000717200000| Untracked 
| 181|0x0000000717400000, 0x0000000717600000, 0x0000000717600000|100%| O|  |TAMS 0x0000000717600000, 0x0000000717400000| Untracked 
| 182|0x0000000717600000, 0x0000000717800000, 0x0000000717800000|100%| O|  |TAMS 0x0000000717800000, 0x0000000717600000| Untracked 
| 183|0x0000000717800000, 0x0000000717a00000, 0x0000000717a00000|100%| O|  |TAMS 0x0000000717a00000, 0x0000000717800000| Updating 
| 184|0x0000000717a00000, 0x0000000717c00000, 0x0000000717c00000|100%|HS|  |TAMS 0x0000000717c00000, 0x0000000717a00000| Complete 
| 185|0x0000000717c00000, 0x0000000717e00000, 0x0000000717e00000|100%|HS|  |TAMS 0x0000000717e00000, 0x0000000717c00000| Complete 
| 186|0x0000000717e00000, 0x0000000718000000, 0x0000000718000000|100%|HS|  |TAMS 0x0000000718000000, 0x0000000717e00000| Complete 
| 187|0x0000000718000000, 0x0000000718200000, 0x0000000718200000|100%|HS|  |TAMS 0x0000000718200000, 0x0000000718000000| Complete 
| 188|0x0000000718200000, 0x0000000718400000, 0x0000000718400000|100%|HS|  |TAMS 0x0000000718400000, 0x0000000718200000| Complete 
| 189|0x0000000718400000, 0x0000000718600000, 0x0000000718600000|100%|HS|  |TAMS 0x0000000718600000, 0x0000000718400000| Complete 
| 190|0x0000000718600000, 0x0000000718800000, 0x0000000718800000|100%|HS|  |TAMS 0x0000000718800000, 0x0000000718600000| Complete 
| 191|0x0000000718800000, 0x0000000718a00000, 0x0000000718a00000|100%| O|  |TAMS 0x0000000718a00000, 0x0000000718800000| Untracked 
| 192|0x0000000718a00000, 0x0000000718c00000, 0x0000000718c00000|100%| O|  |TAMS 0x0000000718c00000, 0x0000000718a00000| Untracked 
| 193|0x0000000718c00000, 0x0000000718e00000, 0x0000000718e00000|100%| O|  |TAMS 0x0000000718e00000, 0x0000000718c00000| Untracked 
| 194|0x0000000718e00000, 0x0000000719000000, 0x0000000719000000|100%| O|  |TAMS 0x0000000719000000, 0x0000000718e00000| Updating 
| 195|0x0000000719000000, 0x0000000719200000, 0x0000000719200000|100%| O|  |TAMS 0x0000000719200000, 0x0000000719000000| Untracked 
| 196|0x0000000719200000, 0x0000000719400000, 0x0000000719400000|100%| O|  |TAMS 0x00000007192f6a00, 0x0000000719200000| Untracked 
| 197|0x0000000719400000, 0x00000007195fb800, 0x0000000719600000| 99%| O|  |TAMS 0x0000000719400000, 0x0000000719400000| Untracked 
| 198|0x0000000719600000, 0x0000000719800000, 0x0000000719800000|100%|HS|  |TAMS 0x0000000719600000, 0x0000000719600000| Complete 
| 199|0x0000000719800000, 0x0000000719800000, 0x0000000719a00000|  0%| F|  |TAMS 0x0000000719800000, 0x0000000719800000| Untracked 
| 200|0x0000000719a00000, 0x0000000719a00000, 0x0000000719c00000|  0%| F|  |TAMS 0x0000000719a00000, 0x0000000719a00000| Untracked 
| 201|0x0000000719c00000, 0x0000000719c00000, 0x0000000719e00000|  0%| F|  |TAMS 0x0000000719c00000, 0x0000000719c00000| Untracked 
| 202|0x0000000719e00000, 0x0000000719e00000, 0x000000071a000000|  0%| F|  |TAMS 0x0000000719e00000, 0x0000000719e00000| Untracked 
| 203|0x000000071a000000, 0x000000071a000000, 0x000000071a200000|  0%| F|  |TAMS 0x000000071a000000, 0x000000071a000000| Untracked 
| 204|0x000000071a200000, 0x000000071a200000, 0x000000071a400000|  0%| F|  |TAMS 0x000000071a200000, 0x000000071a200000| Untracked 
| 205|0x000000071a400000, 0x000000071a400000, 0x000000071a600000|  0%| F|  |TAMS 0x000000071a400000, 0x000000071a400000| Untracked 
| 206|0x000000071a600000, 0x000000071a600000, 0x000000071a800000|  0%| F|  |TAMS 0x000000071a600000, 0x000000071a600000| Untracked 
| 207|0x000000071a800000, 0x000000071a800000, 0x000000071aa00000|  0%| F|  |TAMS 0x000000071a800000, 0x000000071a800000| Untracked 
| 208|0x000000071aa00000, 0x000000071aa00000, 0x000000071ac00000|  0%| F|  |TAMS 0x000000071aa00000, 0x000000071aa00000| Untracked 
| 209|0x000000071ac00000, 0x000000071ac00000, 0x000000071ae00000|  0%| F|  |TAMS 0x000000071ac00000, 0x000000071ac00000| Untracked 
| 210|0x000000071ae00000, 0x000000071ae00000, 0x000000071b000000|  0%| F|  |TAMS 0x000000071ae00000, 0x000000071ae00000| Untracked 
| 211|0x000000071b000000, 0x000000071b000000, 0x000000071b200000|  0%| F|  |TAMS 0x000000071b000000, 0x000000071b000000| Untracked 
| 212|0x000000071b200000, 0x000000071b200000, 0x000000071b400000|  0%| F|  |TAMS 0x000000071b200000, 0x000000071b200000| Untracked 
| 213|0x000000071b400000, 0x000000071b400000, 0x000000071b600000|  0%| F|  |TAMS 0x000000071b400000, 0x000000071b400000| Untracked 
| 214|0x000000071b600000, 0x000000071b600000, 0x000000071b800000|  0%| F|  |TAMS 0x000000071b600000, 0x000000071b600000| Untracked 
| 215|0x000000071b800000, 0x000000071b800000, 0x000000071ba00000|  0%| F|  |TAMS 0x000000071b800000, 0x000000071b800000| Untracked 
| 216|0x000000071ba00000, 0x000000071ba00000, 0x000000071bc00000|  0%| F|  |TAMS 0x000000071ba00000, 0x000000071ba00000| Untracked 
| 217|0x000000071bc00000, 0x000000071bc00000, 0x000000071be00000|  0%| F|  |TAMS 0x000000071bc00000, 0x000000071bc00000| Untracked 
| 218|0x000000071be00000, 0x000000071be00000, 0x000000071c000000|  0%| F|  |TAMS 0x000000071be00000, 0x000000071be00000| Untracked 
| 219|0x000000071c000000, 0x000000071c000000, 0x000000071c200000|  0%| F|  |TAMS 0x000000071c000000, 0x000000071c000000| Untracked 
| 220|0x000000071c200000, 0x000000071c200000, 0x000000071c400000|  0%| F|  |TAMS 0x000000071c200000, 0x000000071c200000| Untracked 
| 221|0x000000071c400000, 0x000000071c400000, 0x000000071c600000|  0%| F|  |TAMS 0x000000071c400000, 0x000000071c400000| Untracked 
| 222|0x000000071c600000, 0x000000071c600000, 0x000000071c800000|  0%| F|  |TAMS 0x000000071c600000, 0x000000071c600000| Untracked 
| 223|0x000000071c800000, 0x000000071c800000, 0x000000071ca00000|  0%| F|  |TAMS 0x000000071c800000, 0x000000071c800000| Untracked 
| 224|0x000000071ca00000, 0x000000071ca00000, 0x000000071cc00000|  0%| F|  |TAMS 0x000000071ca00000, 0x000000071ca00000| Untracked 
| 225|0x000000071cc00000, 0x000000071cc00000, 0x000000071ce00000|  0%| F|  |TAMS 0x000000071cc00000, 0x000000071cc00000| Untracked 
| 226|0x000000071ce00000, 0x000000071ce00000, 0x000000071d000000|  0%| F|  |TAMS 0x000000071ce00000, 0x000000071ce00000| Untracked 
| 227|0x000000071d000000, 0x000000071d163068, 0x000000071d200000| 69%| S|CS|TAMS 0x000000071d000000, 0x000000071d000000| Complete 
| 228|0x000000071d200000, 0x000000071d2670e8, 0x000000071d400000| 20%| E|  |TAMS 0x000000071d200000, 0x000000071d200000| Complete 

Card table byte_map: [0x0000015851350000,0x0000015851b50000] _byte_map_base: 0x000001584db4b000

Marking Bits (Prev, Next): (CMBitMap*) 0x0000015837b6f770, (CMBitMap*) 0x0000015837b6f730
 Prev Bits: [0x0000015856330000, 0x000001585a308000)
 Next Bits: [0x0000015852350000, 0x0000015856328000)

Polling page: 0x0000015837880000

Metaspace:

Usage:
  Non-class:     27.22 MB used.
      Class:      3.87 MB used.
       Both:     31.09 MB used.

Virtual space:
  Non-class space:       64.00 MB reserved,      27.44 MB ( 43%) committed,  1 nodes.
      Class space:        1.00 GB reserved,       4.13 MB ( <1%) committed,  1 nodes.
             Both:        1.06 GB reserved,      31.56 MB (  3%) committed. 

Chunk freelists:
   Non-Class:  3.95 MB
       Class:  3.79 MB
        Both:  7.73 MB

MaxMetaspaceSize: unlimited
CompressedClassSpaceSize: 1.00 GB
Initial GC threshold: 21.00 MB
Current GC threshold: 52.63 MB
CDS: on
MetaspaceReclaimPolicy: balanced
 - commit_granule_bytes: 65536.
 - commit_granule_words: 8192.
 - virtual_space_node_default_size: 8388608.
 - enlarge_chunks_in_place: 1.
 - new_chunks_are_fully_committed: 0.
 - uncommit_free_chunks: 1.
 - use_allocation_guard: 0.


Internal statistics:

num_allocs_failed_limit: 3.
num_arena_births: 624.
num_arena_deaths: 0.
num_vsnodes_births: 2.
num_vsnodes_deaths: 0.
num_space_committed: 505.
num_space_uncommitted: 0.
num_chunks_returned_to_freelist: 3.
num_chunks_taken_from_freelist: 1581.
num_chunk_merges: 3.
num_chunk_splits: 1008.
num_chunks_enlarged: 658.
num_inconsistent_stats: 0.

CodeHeap 'non-profiled nmethods': size=120000Kb used=7189Kb max_used=7280Kb free=112810Kb
 bounds [0x00000158489a0000, 0x00000158490d0000, 0x000001584fed0000]
CodeHeap 'profiled nmethods': size=120000Kb used=15753Kb max_used=16755Kb free=104246Kb
 bounds [0x0000015841470000, 0x0000015842520000, 0x00000158489a0000]
CodeHeap 'non-nmethods': size=5760Kb used=1593Kb max_used=1672Kb free=4166Kb
 bounds [0x0000015840ed0000, 0x0000015841140000, 0x0000015841470000]
 total_blobs=8686 nmethods=7706 adapters=892
 compilation: enabled
              stopped_count=0, restarted_count=0
 full_count=0

Compilation events (20 events):
Event: 230.156 Thread 0x000001585cfd9fb0 nmethod 9735 0x0000015841c53a90 code [0x0000015841c53c40, 0x0000015841c53e78]
Event: 230.156 Thread 0x000001585cfd9fb0 9736       3       javafx.scene.control.TextInputControl$$Lambda$278/0x0000000800e60c10::<init> (10 bytes)
Event: 230.156 Thread 0x000001585cfd9fb0 nmethod 9736 0x0000015841dd5f10 code [0x0000015841dd60a0, 0x0000015841dd6258]
Event: 230.156 Thread 0x000001585cfd9fb0 9737       3       javafx.scene.control.TextInputControl$$Lambda$279/0x0000000800e60e20::<init> (10 bytes)
Event: 230.156 Thread 0x000001585cfd9fb0 nmethod 9737 0x0000015841ea9f90 code [0x0000015841eaa120, 0x0000015841eaa2d8]
Event: 230.156 Thread 0x000001585cfd9fb0 9738       3       javafx.scene.control.TextInputControl$TextProperty::addListener (14 bytes)
Event: 230.156 Thread 0x000001585cfd9fb0 nmethod 9738 0x000001584151c010 code [0x000001584151c1c0, 0x000001584151c368]
Event: 230.156 Thread 0x000001585cfd9fb0 9739       3       javafx.scene.control.TextInputControl$$Lambda$280/0x0000000800e61210::<init> (10 bytes)
Event: 230.157 Thread 0x000001585cfd9fb0 nmethod 9739 0x0000015841b1ad10 code [0x0000015841b1aea0, 0x0000015841b1b058]
Event: 230.158 Thread 0x000001585cfd11a0 nmethod 9725 0x0000015848bbc510 code [0x0000015848bbc6c0, 0x0000015848bbcaf8]
Event: 230.158 Thread 0x000001585cfd11a0 9726       4       javafx.scene.layout.RowConstraints$5::invalidated (8 bytes)
Event: 230.160 Thread 0x000001585cfd11a0 nmethod 9726 0x00000158489b5290 code [0x00000158489b5400, 0x00000158489b54d8]
Event: 230.546 Thread 0x000001585cfd9fb0 9740       3       hr.algebra.java2.hunt.StartMenuController::removePlayerFormMenu (40 bytes)
Event: 230.547 Thread 0x000001585cfd9fb0 nmethod 9740 0x00000158421bd010 code [0x00000158421bd380, 0x00000158421be908]
Event: 230.749 Thread 0x000001585cfd11a0 9741       4       jdk.internal.math.FloatingDecimal$ASCIIToBinaryBuffer::doubleValue (1194 bytes)
Event: 230.752 Thread 0x000001585cfd11a0 nmethod 9741 0x0000015848bbbc10 code [0x0000015848bbbde0, 0x0000015848bbc0f8]
Event: 231.164 Thread 0x000001585cfd11a0 9742       4       javafx.scene.Node::opacityProperty (25 bytes)
Event: 231.166 Thread 0x000001585cfd11a0 nmethod 9742 0x0000015848d72090 code [0x0000015848d72220, 0x0000015848d72418]
Event: 233.378 Thread 0x000001585cfd11a0 9743       4       javafx.fxml.FXMLLoader$Element::add (103 bytes)
Event: 233.379 Thread 0x000001585cfd11a0 nmethod 9743 0x0000015848de9190 code [0x0000015848de9320, 0x0000015848de9478]

GC Heap History (20 events):
Event: 221.265 GC heap before
{Heap before GC invocations=173 (full 0):
 garbage-first heap   total 307200K, used 218114K [0x0000000700a00000, 0x0000000800000000)
  region size 2048K, 7 young (14336K), 1 survivors (2048K)
 Metaspace       used 30037K, committed 30400K, reserved 1114112K
  class space    used 3608K, committed 3776K, reserved 1048576K
}
Event: 221.267 GC heap after
{Heap after GC invocations=174 (full 0):
 garbage-first heap   total 307200K, used 212969K [0x0000000700a00000, 0x0000000800000000)
  region size 2048K, 1 young (2048K), 1 survivors (2048K)
 Metaspace       used 30037K, committed 30400K, reserved 1114112K
  class space    used 3608K, committed 3776K, reserved 1048576K
}
Event: 222.083 GC heap before
{Heap before GC invocations=174 (full 0):
 garbage-first heap   total 307200K, used 247785K [0x0000000700a00000, 0x0000000800000000)
  region size 2048K, 15 young (30720K), 1 survivors (2048K)
 Metaspace       used 31831K, committed 32320K, reserved 1114112K
  class space    used 3962K, committed 4224K, reserved 1048576K
}
Event: 222.088 GC heap after
{Heap after GC invocations=175 (full 0):
 garbage-first heap   total 307200K, used 231822K [0x0000000700a00000, 0x0000000800000000)
  region size 2048K, 2 young (4096K), 2 survivors (4096K)
 Metaspace       used 31831K, committed 32320K, reserved 1114112K
  class space    used 3962K, committed 4224K, reserved 1048576K
}
Event: 223.890 GC heap before
{Heap before GC invocations=175 (full 0):
 garbage-first heap   total 307200K, used 266638K [0x0000000700a00000, 0x0000000800000000)
  region size 2048K, 11 young (22528K), 2 survivors (4096K)
 Metaspace       used 31831K, committed 32320K, reserved 1114112K
  class space    used 3962K, committed 4224K, reserved 1048576K
}
Event: 223.893 GC heap after
{Heap after GC invocations=176 (full 0):
 garbage-first heap   total 307200K, used 259068K [0x0000000700a00000, 0x0000000800000000)
  region size 2048K, 2 young (4096K), 2 survivors (4096K)
 Metaspace       used 31831K, committed 32320K, reserved 1114112K
  class space    used 3962K, committed 4224K, reserved 1048576K
}
Event: 224.702 GC heap before
{Heap before GC invocations=176 (full 0):
 garbage-first heap   total 307200K, used 275452K [0x0000000700a00000, 0x0000000800000000)
  region size 2048K, 7 young (14336K), 2 survivors (4096K)
 Metaspace       used 31832K, committed 32320K, reserved 1114112K
  class space    used 3962K, committed 4224K, reserved 1048576K
}
Event: 224.705 GC heap after
{Heap after GC invocations=177 (full 0):
 garbage-first heap   total 307200K, used 273379K [0x0000000700a00000, 0x0000000800000000)
  region size 2048K, 1 young (2048K), 1 survivors (2048K)
 Metaspace       used 31832K, committed 32320K, reserved 1114112K
  class space    used 3962K, committed 4224K, reserved 1048576K
}
Event: 224.706 GC heap before
{Heap before GC invocations=177 (full 0):
 garbage-first heap   total 307200K, used 273379K [0x0000000700a00000, 0x0000000800000000)
  region size 2048K, 2 young (4096K), 1 survivors (2048K)
 Metaspace       used 31832K, committed 32320K, reserved 1114112K
  class space    used 3962K, committed 4224K, reserved 1048576K
}
Event: 224.707 GC heap after
{Heap after GC invocations=178 (full 0):
 garbage-first heap   total 307200K, used 273777K [0x0000000700a00000, 0x0000000800000000)
  region size 2048K, 1 young (2048K), 1 survivors (2048K)
 Metaspace       used 31832K, committed 32320K, reserved 1114112K
  class space    used 3962K, committed 4224K, reserved 1048576K
}
Event: 225.903 GC heap before
{Heap before GC invocations=179 (full 0):
 garbage-first heap   total 468992K, used 296305K [0x0000000700a00000, 0x0000000800000000)
  region size 2048K, 7 young (14336K), 1 survivors (2048K)
 Metaspace       used 31832K, committed 32320K, reserved 1114112K
  class space    used 3962K, committed 4224K, reserved 1048576K
}
Event: 225.905 GC heap after
{Heap after GC invocations=180 (full 0):
 garbage-first heap   total 468992K, used 291795K [0x0000000700a00000, 0x0000000800000000)
  region size 2048K, 1 young (2048K), 1 survivors (2048K)
 Metaspace       used 31832K, committed 32320K, reserved 1114112K
  class space    used 3962K, committed 4224K, reserved 1048576K
}
Event: 227.724 GC heap before
{Heap before GC invocations=180 (full 0):
 garbage-first heap   total 468992K, used 328659K [0x0000000700a00000, 0x0000000800000000)
  region size 2048K, 11 young (22528K), 1 survivors (2048K)
 Metaspace       used 31832K, committed 32320K, reserved 1114112K
  class space    used 3962K, committed 4224K, reserved 1048576K
}
Event: 227.727 GC heap after
{Heap after GC invocations=181 (full 0):
 garbage-first heap   total 468992K, used 318442K [0x0000000700a00000, 0x0000000800000000)
  region size 2048K, 2 young (4096K), 2 survivors (4096K)
 Metaspace       used 31832K, committed 32320K, reserved 1114112K
  class space    used 3962K, committed 4224K, reserved 1048576K
}
Event: 231.964 GC heap before
{Heap before GC invocations=181 (full 0):
 garbage-first heap   total 468992K, used 406506K [0x0000000700a00000, 0x0000000800000000)
  region size 2048K, 25 young (51200K), 2 survivors (4096K)
 Metaspace       used 31832K, committed 32320K, reserved 1114112K
  class space    used 3962K, committed 4224K, reserved 1048576K
}
Event: 231.969 GC heap after
{Heap after GC invocations=182 (full 0):
 garbage-first heap   total 468992K, used 384055K [0x0000000700a00000, 0x0000000800000000)
  region size 2048K, 4 young (8192K), 4 survivors (8192K)
 Metaspace       used 31832K, committed 32320K, reserved 1114112K
  class space    used 3962K, committed 4224K, reserved 1048576K
}
Event: 233.380 GC heap before
{Heap before GC invocations=182 (full 0):
 garbage-first heap   total 468992K, used 412727K [0x0000000700a00000, 0x0000000800000000)
  region size 2048K, 12 young (24576K), 4 survivors (8192K)
 Metaspace       used 31832K, committed 32320K, reserved 1114112K
  class space    used 3962K, committed 4224K, reserved 1048576K
}
Event: 233.383 GC heap after
{Heap after GC invocations=183 (full 0):
 garbage-first heap   total 468992K, used 406490K [0x0000000700a00000, 0x0000000800000000)
  region size 2048K, 2 young (4096K), 2 survivors (4096K)
 Metaspace       used 31832K, committed 32320K, reserved 1114112K
  class space    used 3962K, committed 4224K, reserved 1048576K
}
Event: 233.390 GC heap before
{Heap before GC invocations=183 (full 0):
 garbage-first heap   total 468992K, used 406490K [0x0000000700a00000, 0x0000000800000000)
  region size 2048K, 3 young (6144K), 2 survivors (4096K)
 Metaspace       used 31832K, committed 32320K, reserved 1114112K
  class space    used 3962K, committed 4224K, reserved 1048576K
}
Event: 233.392 GC heap after
{Heap after GC invocations=184 (full 0):
 garbage-first heap   total 468992K, used 406906K [0x0000000700a00000, 0x0000000800000000)
  region size 2048K, 1 young (2048K), 1 survivors (2048K)
 Metaspace       used 31832K, committed 32320K, reserved 1114112K
  class space    used 3962K, committed 4224K, reserved 1048576K
}

Deoptimization events (20 events):
Event: 221.817 Thread 0x000001585cfc6e70 DEOPT PACKING pc=0x0000015848bdebb4 sp=0x000000190f7fd100
Event: 221.817 Thread 0x000001585cfc6e70 DEOPT UNPACKING pc=0x0000015840f223a3 sp=0x000000190f7fd0a8 mode 2
Event: 221.886 Thread 0x000001585cfc7340 Uncommon trap: trap_request=0xffffff45 fr.pc=0x0000015848d128e8 relative=0x0000000000000928
Event: 221.886 Thread 0x000001585cfc7340 Uncommon trap: reason=unstable_if action=reinterpret pc=0x0000015848d128e8 method=javafx.scene.Node.isMouseTransparent()Z @ 4 c2
Event: 221.886 Thread 0x000001585cfc7340 DEOPT PACKING pc=0x0000015848d128e8 sp=0x000000190fafdbb0
Event: 221.886 Thread 0x000001585cfc7340 DEOPT UNPACKING pc=0x0000015840f223a3 sp=0x000000190fafd818 mode 2
Event: 221.886 Thread 0x000001585cfc7340 Uncommon trap: trap_request=0xffffff45 fr.pc=0x0000015848b98060 relative=0x00000000000004c0
Event: 221.886 Thread 0x000001585cfc7340 Uncommon trap: reason=unstable_if action=reinterpret pc=0x0000015848b98060 method=javafx.scene.Node.isMouseTransparent()Z @ 4 c2
Event: 221.886 Thread 0x000001585cfc7340 DEOPT PACKING pc=0x0000015848b98060 sp=0x000000190fafd8f0
Event: 221.886 Thread 0x000001585cfc7340 DEOPT UNPACKING pc=0x0000015840f223a3 sp=0x000000190fafd808 mode 2
Event: 223.700 Thread 0x000001585cfc7340 DEOPT PACKING pc=0x000001584174e731 sp=0x000000190fafd420
Event: 223.700 Thread 0x000001585cfc7340 DEOPT UNPACKING pc=0x0000015840f22b43 sp=0x000000190fafc918 mode 0
Event: 227.306 Thread 0x000001585cfc7340 Uncommon trap: trap_request=0xffffff45 fr.pc=0x000001584903bd04 relative=0x0000000000000644
Event: 227.306 Thread 0x000001585cfc7340 Uncommon trap: reason=unstable_if action=reinterpret pc=0x000001584903bd04 method=javafx.scene.Node.intersectsBounds(Lcom/sun/javafx/geom/PickRay;)D @ 814 c2
Event: 227.306 Thread 0x000001585cfc7340 DEOPT PACKING pc=0x000001584903bd04 sp=0x000000190fafd050
Event: 227.306 Thread 0x000001585cfc7340 DEOPT UNPACKING pc=0x0000015840f223a3 sp=0x000000190fafcf28 mode 2
Event: 227.306 Thread 0x000001585cfc7340 Uncommon trap: trap_request=0xffffff45 fr.pc=0x0000015848bc2c08 relative=0x0000000000000228
Event: 227.306 Thread 0x000001585cfc7340 Uncommon trap: reason=unstable_if action=reinterpret pc=0x0000015848bc2c08 method=com.sun.javafx.event.EventHandlerManager.dispatchBubblingEvent(Ljavafx/event/EventType;Ljavafx/event/Event;)Ljavafx/event/Event; @ 22 c2
Event: 227.306 Thread 0x000001585cfc7340 DEOPT PACKING pc=0x0000015848bc2c08 sp=0x000000190fafd910
Event: 227.306 Thread 0x000001585cfc7340 DEOPT UNPACKING pc=0x0000015840f223a3 sp=0x000000190fafd8c0 mode 2

Classes loaded (20 events):
Event: 221.452 Loading class javax/xml/parsers/ParserConfigurationException
Event: 221.452 Loading class javax/xml/parsers/ParserConfigurationException done
Event: 221.452 Loading class org/xml/sax/SAXException
Event: 221.452 Loading class org/xml/sax/SAXException done
Event: 221.452 Loading class javax/xml/transform/TransformerException
Event: 221.452 Loading class javax/xml/transform/TransformerException done
Event: 221.453 Loading class org/w3c/dom/Node
Event: 221.453 Loading class org/w3c/dom/Node done
Event: 221.453 Loading class javax/xml/transform/Result
Event: 221.453 Loading class javax/xml/transform/Result done
Event: 221.453 Loading class javax/xml/transform/Source
Event: 221.453 Loading class javax/xml/transform/Source done
Event: 221.497 Loading class sun/reflect/generics/tree/BottomSignature
Event: 221.497 Loading class sun/reflect/generics/tree/BottomSignature done
Event: 221.497 Loading class sun/reflect/generics/tree/Wildcard
Event: 221.497 Loading class sun/reflect/generics/tree/Wildcard done
Event: 221.497 Loading class sun/reflect/generics/reflectiveObjects/WildcardTypeImpl
Event: 221.497 Loading class java/lang/reflect/WildcardType
Event: 221.497 Loading class java/lang/reflect/WildcardType done
Event: 221.497 Loading class sun/reflect/generics/reflectiveObjects/WildcardTypeImpl done

Classes unloaded (0 events):
No events

Classes redefined (0 events):
No events

Internal exceptions (20 events):
Event: 220.260 Thread 0x000001585cfc7340 Exception <a 'java/io/FileNotFoundException'{0x00000007134f64b8}> (0x00000007134f64b8) 
thrown [s\src\hotspot\share\prims\jni.cpp, line 516]
Event: 220.461 Thread 0x000001585cfc7340 Exception <a 'java/io/FileNotFoundException'{0x00000007135eca78}> (0x00000007135eca78) 
thrown [s\src\hotspot\share\prims\jni.cpp, line 516]
Event: 220.662 Thread 0x000001585cfc7340 Exception <a 'java/io/FileNotFoundException'{0x00000007130942c8}> (0x00000007130942c8) 
thrown [s\src\hotspot\share\prims\jni.cpp, line 516]
Event: 220.866 Thread 0x000001585cfc7340 Exception <a 'java/io/FileNotFoundException'{0x0000000712edb1f8}> (0x0000000712edb1f8) 
thrown [s\src\hotspot\share\prims\jni.cpp, line 516]
Event: 221.069 Thread 0x000001585cfc7340 Exception <a 'java/io/FileNotFoundException'{0x0000000712d30848}> (0x0000000712d30848) 
thrown [s\src\hotspot\share\prims\jni.cpp, line 516]
Event: 221.272 Thread 0x000001585cfc7340 Exception <a 'java/io/FileNotFoundException'{0x00000007134f6f10}> (0x00000007134f6f10) 
thrown [s\src\hotspot\share\prims\jni.cpp, line 516]
Event: 221.426 Thread 0x000001585cfc7340 Implicit null exception at 0x0000015848b6306c to 0x0000015848b6311c
Event: 221.481 Thread 0x000001585cfc7340 Implicit null exception at 0x0000015848ffb94e to 0x0000015848ffd170
Event: 221.497 Thread 0x000001585cfc7340 Implicit null exception at 0x0000015848bc23e3 to 0x0000015848bc2454
Event: 221.498 Thread 0x000001585cfc7340 Implicit null exception at 0x0000015848ecb548 to 0x0000015848ecba58
Event: 221.514 Thread 0x000001585cfc7340 Implicit null exception at 0x0000015849096200 to 0x000001584909eadc
Event: 221.569 Thread 0x000001585cfc7340 Implicit null exception at 0x0000015848d20e5c to 0x0000015848d20e99
Event: 221.575 Thread 0x000001585cfc7340 Exception <a 'java/lang/NoSuchMethodError'{0x0000000712fe0078}: 'int java.lang.invoke.DirectMethodHandle$Holder.invokeVirtual(java.lang.Object, java.lang.Object)'> (0x0000000712fe0078) 
thrown [s\src\hotspot\share\interpreter\linkResolver.cpp, line 759]
Event: 221.583 Thread 0x000001585cfc7340 Implicit null exception at 0x0000015849037653 to 0x00000158490376c0
Event: 221.586 Thread 0x000001585cfc7340 Implicit null exception at 0x0000015848ba9a5c to 0x0000015848ba9a99
Event: 221.648 Thread 0x000001585cfc7340 Implicit null exception at 0x0000015848f98689 to 0x0000015848f98d58
Event: 221.649 Thread 0x000001585cfc7340 Implicit null exception at 0x00000158490229c4 to 0x0000015849022a3c
Event: 221.649 Thread 0x000001585cfc7340 Implicit null exception at 0x0000015848eb6a79 to 0x0000015848ebbb08
Event: 221.743 Thread 0x000001585cfc6e70 Implicit null exception at 0x0000015848f56a8b to 0x0000015848f58f60
Event: 221.797 Thread 0x000001585cfc6e70 Exception <a 'java/lang/NoSuchMethodError'{0x000000071214cd80}: 'java.lang.Object java.lang.invoke.DirectMethodHandle$Holder.invokeStaticInit(java.lang.Object, int)'> (0x000000071214cd80) 
thrown [s\src\hotspot\share\interpreter\linkResolver.cpp, line 759]

VM Operations (20 events):
Event: 224.751 Executing VM operation: G1Concurrent done
Event: 225.752 Executing VM operation: Cleanup
Event: 225.752 Executing VM operation: Cleanup done
Event: 225.903 Executing VM operation: G1CollectForAllocation
Event: 225.905 Executing VM operation: G1CollectForAllocation done
Event: 227.544 Executing VM operation: HandshakeAllThreads
Event: 227.544 Executing VM operation: HandshakeAllThreads done
Event: 227.544 Executing VM operation: Cleanup
Event: 227.544 Executing VM operation: Cleanup done
Event: 227.724 Executing VM operation: G1CollectForAllocation
Event: 227.727 Executing VM operation: G1CollectForAllocation done
Event: 229.727 Executing VM operation: Cleanup
Event: 229.727 Executing VM operation: Cleanup done
Event: 231.964 Executing VM operation: G1CollectForAllocation
Event: 231.969 Executing VM operation: G1CollectForAllocation done
Event: 233.380 Executing VM operation: G1CollectForAllocation
Event: 233.383 Executing VM operation: G1CollectForAllocation done
Event: 233.390 Executing VM operation: G1TryInitiateConcMark
Event: 233.392 Executing VM operation: G1TryInitiateConcMark done
Event: 233.407 Executing VM operation: G1Concurrent

Events (20 events):
Event: 221.613 Thread 0x000001585cfdd5d0 flushing nmethod 0x00000158415a0590
Event: 221.617 Thread 0x000001585cfdd5d0 flushing nmethod 0x0000015841919490
Event: 221.617 Thread 0x000001585cfdd5d0 flushing nmethod 0x0000015841992010
Event: 221.622 Thread 0x000001585cfdd5d0 flushing nmethod 0x00000158421f7190
Event: 222.071 Thread 0x000001586aa7d820 Thread exited: 0x000001586aa7d820
Event: 222.071 Thread 0x000001586aa7ce00 Thread exited: 0x000001586aa7ce00
Event: 227.544 Thread 0x000001585cfdd5d0 flushing nmethod 0x00000158489b5290
Event: 227.544 Thread 0x000001585cfdd5d0 flushing nmethod 0x0000015848b25910
Event: 227.545 Thread 0x000001585cfdd5d0 flushing nmethod 0x0000015848b3ea10
Event: 227.545 Thread 0x000001585cfdd5d0 flushing nmethod 0x0000015848b82310
Event: 227.545 Thread 0x000001585cfdd5d0 flushing nmethod 0x0000015848bba910
Event: 227.546 Thread 0x000001585cfdd5d0 flushing nmethod 0x0000015848d72090
Event: 227.546 Thread 0x000001585cfdd5d0 flushing nmethod 0x0000015848dc8710
Event: 227.546 Thread 0x000001585cfdd5d0 flushing nmethod 0x0000015848de9190
Event: 227.546 Thread 0x000001585cfdd5d0 flushing nmethod 0x0000015848df8d10
Event: 227.546 Thread 0x000001585cfdd5d0 flushing nmethod 0x0000015848e33110
Event: 227.546 Thread 0x000001585cfdd5d0 flushing nmethod 0x0000015848f4d690
Event: 227.551 Thread 0x000001585cfdd5d0 flushing nmethod 0x0000015841b1ad10
Event: 227.551 Thread 0x000001585cfdd5d0 flushing nmethod 0x0000015841bc4390
Event: 227.552 Thread 0x000001585cfdd5d0 flushing nmethod 0x0000015841ea9f90


Dynamic libraries:
0x00007ff6a4350000 - 0x00007ff6a435d000 	D:\Java\JDK\bin\java.exe
0x00007ffd5c970000 - 0x00007ffd5cb68000 	C:\Windows\SYSTEM32\ntdll.dll
0x00007ffd5a9b0000 - 0x00007ffd5aa6f000 	C:\Windows\System32\KERNEL32.DLL
0x00007ffd5a4e0000 - 0x00007ffd5a7b2000 	C:\Windows\System32\KERNELBASE.dll
0x00007ffd5a2b0000 - 0x00007ffd5a3b0000 	C:\Windows\System32\ucrtbase.dll
0x00007ffd08dd0000 - 0x00007ffd08de5000 	D:\Java\JDK\bin\VCRUNTIME140.dll
0x00007ffd08db0000 - 0x00007ffd08dc7000 	D:\Java\JDK\bin\jli.dll
0x00007ffd5c0c0000 - 0x00007ffd5c261000 	C:\Windows\System32\USER32.dll
0x00007ffd47950000 - 0x00007ffd47bea000 	C:\Windows\WinSxS\amd64_microsoft.windows.common-controls_6595b64144ccf1df_6.0.19041.1110_none_60b5254171f9507e\COMCTL32.dll
0x00007ffd5a7c0000 - 0x00007ffd5a7e2000 	C:\Windows\System32\win32u.dll
0x00007ffd5ac60000 - 0x00007ffd5acfe000 	C:\Windows\System32\msvcrt.dll
0x00007ffd5b1d0000 - 0x00007ffd5b1fb000 	C:\Windows\System32\GDI32.dll
0x00007ffd5a7f0000 - 0x00007ffd5a8ff000 	C:\Windows\System32\gdi32full.dll
0x00007ffd5a440000 - 0x00007ffd5a4dd000 	C:\Windows\System32\msvcp_win.dll
0x00007ffd5b400000 - 0x00007ffd5b432000 	C:\Windows\System32\IMM32.DLL
0x00007ffcfdcf0000 - 0x00007ffcfdd8b000 	D:\Java\JDK\bin\msvcp140.dll
0x00007ffcfd070000 - 0x00007ffcfdce1000 	D:\Java\JDK\bin\server\jvm.dll
0x00007ffd5ad60000 - 0x00007ffd5ae0e000 	C:\Windows\System32\ADVAPI32.dll
0x00007ffd5c890000 - 0x00007ffd5c92c000 	C:\Windows\System32\sechost.dll
0x00007ffd5b200000 - 0x00007ffd5b325000 	C:\Windows\System32\RPCRT4.dll
0x00007ffd5c340000 - 0x00007ffd5c348000 	C:\Windows\System32\PSAPI.DLL
0x00007ffd57850000 - 0x00007ffd57859000 	C:\Windows\SYSTEM32\WSOCK32.dll
0x00007ffd4b140000 - 0x00007ffd4b167000 	C:\Windows\SYSTEM32\WINMM.dll
0x00007ffd53e00000 - 0x00007ffd53e0a000 	C:\Windows\SYSTEM32\VERSION.dll
0x00007ffd5abf0000 - 0x00007ffd5ac5b000 	C:\Windows\System32\WS2_32.dll
0x00007ffd57f40000 - 0x00007ffd57f52000 	C:\Windows\SYSTEM32\kernel.appcore.dll
0x00007ffd08da0000 - 0x00007ffd08daa000 	D:\Java\JDK\bin\jimage.dll
0x00007ffd48e30000 - 0x00007ffd49014000 	C:\Windows\SYSTEM32\DBGHELP.DLL
0x00007ffd3fa90000 - 0x00007ffd3fac5000 	C:\Windows\SYSTEM32\dbgcore.DLL
0x00007ffd5a3b0000 - 0x00007ffd5a432000 	C:\Windows\System32\bcryptPrimitives.dll
0x00007ffd50680000 - 0x00007ffd5068e000 	D:\Java\JDK\bin\instrument.dll
0x00007ffd08d70000 - 0x00007ffd08d95000 	D:\Java\JDK\bin\java.dll
0x00007ffcfcf90000 - 0x00007ffcfd066000 	D:\Java\JDK\bin\jsvml.dll
0x00007ffd5b970000 - 0x00007ffd5c0b4000 	C:\Windows\System32\SHELL32.dll
0x00007ffd58140000 - 0x00007ffd588d2000 	C:\Windows\SYSTEM32\windows.storage.dll
0x00007ffd5c530000 - 0x00007ffd5c885000 	C:\Windows\System32\combase.dll
0x00007ffd59ac0000 - 0x00007ffd59af0000 	C:\Windows\SYSTEM32\Wldp.dll
0x00007ffd5c290000 - 0x00007ffd5c33d000 	C:\Windows\System32\SHCORE.dll
0x00007ffd5aa70000 - 0x00007ffd5aac5000 	C:\Windows\System32\shlwapi.dll
0x00007ffd59fa0000 - 0x00007ffd59fbf000 	C:\Windows\SYSTEM32\profapi.dll
0x00007ffd08d50000 - 0x00007ffd08d63000 	D:\Java\JDK\bin\net.dll
0x00007ffd54e00000 - 0x00007ffd54f0c000 	C:\Windows\SYSTEM32\WINHTTP.dll
0x00007ffd59820000 - 0x00007ffd5988a000 	C:\Windows\system32\mswsock.dll
0x00007ffd08d30000 - 0x00007ffd08d45000 	D:\Java\JDK\bin\nio.dll
0x00007ffd07ee0000 - 0x00007ffd07ef8000 	D:\Java\JDK\bin\zip.dll
0x00007ffd422b0000 - 0x00007ffd422ca000 	D:\JetBrains\IntelliJ IDEA 2022.2.2\bin\breakgen64.dll
0x000001585d160000 - 0x000001585d163000 	C:\Users\Kiki\.openjfx\cache\18.0.1+2\api-ms-win-core-console-l1-1-0.dll
0x000001585d170000 - 0x000001585d173000 	C:\Users\Kiki\.openjfx\cache\18.0.1+2\api-ms-win-core-console-l1-2-0.dll
0x000001585d180000 - 0x000001585d183000 	C:\Users\Kiki\.openjfx\cache\18.0.1+2\api-ms-win-core-datetime-l1-1-0.dll
0x000001585d190000 - 0x000001585d193000 	C:\Users\Kiki\.openjfx\cache\18.0.1+2\api-ms-win-core-debug-l1-1-0.dll
0x000001585d1a0000 - 0x000001585d1a3000 	C:\Users\Kiki\.openjfx\cache\18.0.1+2\api-ms-win-core-errorhandling-l1-1-0.dll
0x000001585d1b0000 - 0x000001585d1b4000 	C:\Users\Kiki\.openjfx\cache\18.0.1+2\api-ms-win-core-file-l1-1-0.dll
0x000001585d1c0000 - 0x000001585d1c3000 	C:\Users\Kiki\.openjfx\cache\18.0.1+2\api-ms-win-core-file-l1-2-0.dll
0x000001585d1d0000 - 0x000001585d1d3000 	C:\Users\Kiki\.openjfx\cache\18.0.1+2\api-ms-win-core-file-l2-1-0.dll
0x000001585d1e0000 - 0x000001585d1e3000 	C:\Users\Kiki\.openjfx\cache\18.0.1+2\api-ms-win-core-handle-l1-1-0.dll
0x000001585d1f0000 - 0x000001585d1f3000 	C:\Users\Kiki\.openjfx\cache\18.0.1+2\api-ms-win-core-heap-l1-1-0.dll
0x000001585d200000 - 0x000001585d203000 	C:\Users\Kiki\.openjfx\cache\18.0.1+2\api-ms-win-core-interlocked-l1-1-0.dll
0x000001585d210000 - 0x000001585d213000 	C:\Users\Kiki\.openjfx\cache\18.0.1+2\api-ms-win-core-libraryloader-l1-1-0.dll
0x000001585d220000 - 0x000001585d223000 	C:\Users\Kiki\.openjfx\cache\18.0.1+2\api-ms-win-core-localization-l1-2-0.dll
0x000001585d230000 - 0x000001585d233000 	C:\Users\Kiki\.openjfx\cache\18.0.1+2\api-ms-win-core-memory-l1-1-0.dll
0x000001585d240000 - 0x000001585d243000 	C:\Users\Kiki\.openjfx\cache\18.0.1+2\api-ms-win-core-namedpipe-l1-1-0.dll
0x000001585d250000 - 0x000001585d253000 	C:\Users\Kiki\.openjfx\cache\18.0.1+2\api-ms-win-core-processenvironment-l1-1-0.dll
0x000001585d260000 - 0x000001585d263000 	C:\Users\Kiki\.openjfx\cache\18.0.1+2\api-ms-win-core-processthreads-l1-1-0.dll
0x000001585d270000 - 0x000001585d273000 	C:\Users\Kiki\.openjfx\cache\18.0.1+2\api-ms-win-core-processthreads-l1-1-1.dll
0x000001585d280000 - 0x000001585d283000 	C:\Users\Kiki\.openjfx\cache\18.0.1+2\api-ms-win-core-profile-l1-1-0.dll
0x000001585d290000 - 0x000001585d293000 	C:\Users\Kiki\.openjfx\cache\18.0.1+2\api-ms-win-core-rtlsupport-l1-1-0.dll
0x000001585d2a0000 - 0x000001585d2a3000 	C:\Users\Kiki\.openjfx\cache\18.0.1+2\api-ms-win-core-string-l1-1-0.dll
0x000001585d2b0000 - 0x000001585d2b3000 	C:\Users\Kiki\.openjfx\cache\18.0.1+2\api-ms-win-core-synch-l1-1-0.dll
0x000001585d2c0000 - 0x000001585d2c3000 	C:\Users\Kiki\.openjfx\cache\18.0.1+2\api-ms-win-core-synch-l1-2-0.dll
0x000001585d2d0000 - 0x000001585d2d3000 	C:\Users\Kiki\.openjfx\cache\18.0.1+2\api-ms-win-core-sysinfo-l1-1-0.dll
0x000001585d2e0000 - 0x000001585d2e3000 	C:\Users\Kiki\.openjfx\cache\18.0.1+2\api-ms-win-core-timezone-l1-1-0.dll
0x000001585d2f0000 - 0x000001585d2f3000 	C:\Users\Kiki\.openjfx\cache\18.0.1+2\api-ms-win-core-util-l1-1-0.dll
0x000001585d300000 - 0x000001585d303000 	C:\Users\Kiki\.openjfx\cache\18.0.1+2\api-ms-win-crt-conio-l1-1-0.dll
0x000001585d310000 - 0x000001585d314000 	C:\Users\Kiki\.openjfx\cache\18.0.1+2\api-ms-win-crt-convert-l1-1-0.dll
0x000001585d320000 - 0x000001585d323000 	C:\Users\Kiki\.openjfx\cache\18.0.1+2\api-ms-win-crt-environment-l1-1-0.dll
0x000001585d330000 - 0x000001585d333000 	C:\Users\Kiki\.openjfx\cache\18.0.1+2\api-ms-win-crt-filesystem-l1-1-0.dll
0x000001585d340000 - 0x000001585d343000 	C:\Users\Kiki\.openjfx\cache\18.0.1+2\api-ms-win-crt-heap-l1-1-0.dll
0x000001585d350000 - 0x000001585d353000 	C:\Users\Kiki\.openjfx\cache\18.0.1+2\api-ms-win-crt-locale-l1-1-0.dll
0x000001585d360000 - 0x000001585d365000 	C:\Users\Kiki\.openjfx\cache\18.0.1+2\api-ms-win-crt-math-l1-1-0.dll
0x000001585d370000 - 0x000001585d375000 	C:\Users\Kiki\.openjfx\cache\18.0.1+2\api-ms-win-crt-multibyte-l1-1-0.dll
0x000001585d380000 - 0x000001585d390000 	C:\Users\Kiki\.openjfx\cache\18.0.1+2\api-ms-win-crt-private-l1-1-0.dll
0x000001585d390000 - 0x000001585d393000 	C:\Users\Kiki\.openjfx\cache\18.0.1+2\api-ms-win-crt-process-l1-1-0.dll
0x000001585d3a0000 - 0x000001585d3a4000 	C:\Users\Kiki\.openjfx\cache\18.0.1+2\api-ms-win-crt-runtime-l1-1-0.dll
0x000001585d3b0000 - 0x000001585d3b4000 	C:\Users\Kiki\.openjfx\cache\18.0.1+2\api-ms-win-crt-stdio-l1-1-0.dll
0x000001585d3c0000 - 0x000001585d3c4000 	C:\Users\Kiki\.openjfx\cache\18.0.1+2\api-ms-win-crt-string-l1-1-0.dll
0x000001585d3d0000 - 0x000001585d3d3000 	C:\Users\Kiki\.openjfx\cache\18.0.1+2\api-ms-win-crt-time-l1-1-0.dll
0x000001585d3e0000 - 0x000001585d3e3000 	C:\Users\Kiki\.openjfx\cache\18.0.1+2\api-ms-win-crt-utility-l1-1-0.dll
0x00007ffcfcdf0000 - 0x00007ffcfceec000 	C:\Users\Kiki\.openjfx\cache\18.0.1+2\ucrtbase.dll
0x00007ffd421f0000 - 0x00007ffd4220a000 	C:\Users\Kiki\.openjfx\cache\18.0.1+2\vcruntime140.dll
0x00007ffd3f5b0000 - 0x00007ffd3f5bc000 	C:\Users\Kiki\.openjfx\cache\18.0.1+2\vcruntime140_1.dll
0x00007ffcff6d0000 - 0x00007ffcff75d000 	C:\Users\Kiki\.openjfx\cache\18.0.1+2\msvcp140.dll
0x00007ffd0dcf0000 - 0x00007ffd0dd1c000 	C:\Users\Kiki\.openjfx\cache\18.0.1+2\prism_d3d.dll
0x00007ffd4fad0000 - 0x00007ffd4fc9e000 	C:\Windows\system32\d3d9.dll
0x00007ffd57d60000 - 0x00007ffd57d8f000 	C:\Windows\SYSTEM32\dwmapi.dll
0x00007ffd57a70000 - 0x00007ffd57b0e000 	C:\Windows\system32\uxtheme.dll
0x00007ffd50220000 - 0x00007ffd502de000 	C:\Windows\System32\DriverStore\FileRepository\nv_dispi.inf_amd64_f840d03a202f8a32\nvldumdx.dll
0x00007ffd59c50000 - 0x00007ffd59c62000 	C:\Windows\SYSTEM32\msasn1.dll
0x00007ffd53ca0000 - 0x00007ffd53cd1000 	C:\Windows\SYSTEM32\cryptnet.dll
0x00007ffd5a150000 - 0x00007ffd5a2a6000 	C:\Windows\System32\CRYPT32.dll
0x00007ffd53930000 - 0x00007ffd53a78000 	C:\Windows\SYSTEM32\drvstore.dll
0x00007ffd59e10000 - 0x00007ffd59e3c000 	C:\Windows\SYSTEM32\devobj.dll
0x00007ffd5a060000 - 0x00007ffd5a0ae000 	C:\Windows\System32\cfgmgr32.dll
0x00007ffd59a30000 - 0x00007ffd59a3c000 	C:\Windows\SYSTEM32\cryptbase.dll
0x00007ffd5a0b0000 - 0x00007ffd5a119000 	C:\Windows\System32\WINTRUST.DLL
0x00007ffd5c270000 - 0x00007ffd5c28d000 	C:\Windows\System32\imagehlp.dll
0x00007ffd59a10000 - 0x00007ffd59a28000 	C:\Windows\SYSTEM32\CRYPTSP.dll
0x00007ffd590d0000 - 0x00007ffd59104000 	C:\Windows\system32\rsaenh.dll
0x00007ffd5a120000 - 0x00007ffd5a147000 	C:\Windows\System32\bcrypt.dll
0x00007ffcb32e0000 - 0x00007ffcb58ef000 	C:\Windows\System32\DriverStore\FileRepository\nv_dispi.inf_amd64_f840d03a202f8a32\nvd3dumx.dll
0x00007ffd0d7e0000 - 0x00007ffd0d822000 	C:\Users\Kiki\.openjfx\cache\18.0.1+2\glass.dll
0x00007ffd5afc0000 - 0x00007ffd5b09a000 	C:\Windows\System32\COMDLG32.dll
0x00007ffd5b0a0000 - 0x00007ffd5b1ca000 	C:\Windows\System32\ole32.dll
0x00007ffd5c3e0000 - 0x00007ffd5c4ad000 	C:\Windows\System32\OLEAUT32.dll
0x00007ffd5aad0000 - 0x00007ffd5abe5000 	C:\Windows\System32\MSCTF.dll
0x00007ffd02340000 - 0x00007ffd0260f000 	C:\Windows\system32\nvspcap64.dll
0x00007ffd591f0000 - 0x00007ffd59223000 	C:\Windows\SYSTEM32\ntmarta.dll
0x00007ffd588f0000 - 0x00007ffd58913000 	C:\Windows\SYSTEM32\gpapi.dll
0x00007ffd50330000 - 0x00007ffd5036b000 	C:\Windows\SYSTEM32\dxcore.dll
0x00007ffcfcc40000 - 0x00007ffcfcde7000 	D:\Java\JDK\bin\awt.dll
0x00007ffd57650000 - 0x00007ffd576e1000 	C:\Windows\SYSTEM32\apphelp.dll
0x00007ffcfcbb0000 - 0x00007ffcfcc33000 	D:\Java\JDK\bin\freetype.dll
0x00007ffcfcb00000 - 0x00007ffcfcba5000 	D:\Java\JDK\bin\fontmanager.dll
0x00007ffd3f480000 - 0x00007ffd3f5a5000 	C:\Windows\system32\opengl32.dll
0x00007ffd47790000 - 0x00007ffd477bc000 	C:\Windows\SYSTEM32\GLU32.dll
0x00007ffd5b340000 - 0x00007ffd5b3ef000 	C:\Windows\System32\clbcatq.dll
0x00007ffd53110000 - 0x00007ffd532c4000 	C:\Windows\SYSTEM32\WindowsCodecs.dll
0x00007ffd461f0000 - 0x00007ffd4622e000 	C:\Windows\system32\dataexchange.dll
0x00007ffd55f20000 - 0x00007ffd56183000 	C:\Windows\system32\d3d11.dll

dbghelp: loaded successfully - version: 4.0.5 - missing functions: none
symbol engine: initialized successfully - sym options: 0x614 - pdb path: .;D:\Java\JDK\bin;C:\Windows\SYSTEM32;C:\Windows\WinSxS\amd64_microsoft.windows.common-controls_6595b64144ccf1df_6.0.19041.1110_none_60b5254171f9507e;D:\Java\JDK\bin\server;D:\JetBrains\IntelliJ IDEA 2022.2.2\bin;C:\Users\Kiki\.openjfx\cache\18.0.1+2;C:\Windows\System32\DriverStore\FileRepository\nv_dispi.inf_amd64_f840d03a202f8a32;C:\Program Files\Common Files\Microsoft Shared\Ink

VM Arguments:
jvm_args: -javaagent:D:\JetBrains\IntelliJ IDEA 2022.2.2\lib\idea_rt.jar=57806:D:\JetBrains\IntelliJ IDEA 2022.2.2\bin -Dfile.encoding=UTF-8 -Dsun.stdout.encoding=UTF-8 -Dsun.stderr.encoding=UTF-8 --module-path=C:\Users\Kiki\.m2\repository\org\openjfx\javafx-base\18.0.1\javafx-base-18.0.1-win.jar;C:\Users\Kiki\.m2\repository\org\openjfx\javafx-controls\18.0.1\javafx-controls-18.0.1-win.jar;D:\Faks\3. GODINA\Java 2\GameOfHunt\target\classes;C:\Users\Kiki\.m2\repository\org\openjfx\javafx-graphics\18.0.1\javafx-graphics-18.0.1-win.jar;C:\Users\Kiki\.m2\repository\org\openjfx\javafx-fxml\18.0.1\javafx-fxml-18.0.1-win.jar -Djdk.module.main=hr.algebra.java2.hunt 
java_command: hr.algebra.java2.hunt/hr.algebra.java2.hunt.StartMenuAplication
java_class_path (initial): C:\Users\Kiki\.m2\repository\org\openjfx\javafx-controls\18.0.1\javafx-controls-18.0.1.jar;C:\Users\Kiki\.m2\repository\org\openjfx\javafx-graphics\18.0.1\javafx-graphics-18.0.1.jar;C:\Users\Kiki\.m2\repository\org\openjfx\javafx-base\18.0.1\javafx-base-18.0.1.jar;C:\Users\Kiki\.m2\repository\org\openjfx\javafx-fxml\18.0.1\javafx-fxml-18.0.1.jar;C:\Users\Kiki\.m2\repository\com\sun\messaging\mq\fscontext\4.4.2\fscontext-4.4.2.jar
Launcher Type: SUN_STANDARD

[Global flags]
     intx CICompilerCount                          = 4                                         {product} {ergonomic}
     uint ConcGCThreads                            = 3                                         {product} {ergonomic}
     uint G1ConcRefinementThreads                  = 10                                        {product} {ergonomic}
   size_t G1HeapRegionSize                         = 2097152                                   {product} {ergonomic}
    uintx GCDrainStackTargetSize                   = 64                                        {product} {ergonomic}
   size_t InitialHeapSize                          = 268435456                                 {product} {ergonomic}
   size_t MarkStackSize                            = 4194304                                   {product} {ergonomic}
   size_t MaxHeapSize                              = 4284481536                                {product} {ergonomic}
   size_t MaxNewSize                               = 2569011200                                {product} {ergonomic}
   size_t MinHeapDeltaBytes                        = 2097152                                   {product} {ergonomic}
   size_t MinHeapSize                              = 8388608                                   {product} {ergonomic}
    uintx NonNMethodCodeHeapSize                   = 5839372                                {pd product} {ergonomic}
    uintx NonProfiledCodeHeapSize                  = 122909434                              {pd product} {ergonomic}
    uintx ProfiledCodeHeapSize                     = 122909434                              {pd product} {ergonomic}
    uintx ReservedCodeCacheSize                    = 251658240                              {pd product} {ergonomic}
     bool SegmentedCodeCache                       = true                                      {product} {ergonomic}
   size_t SoftMaxHeapSize                          = 4284481536                             {manageable} {ergonomic}
     bool UseCompressedClassPointers               = true                           {product lp64_product} {ergonomic}
     bool UseCompressedOops                        = true                           {product lp64_product} {ergonomic}
     bool UseG1GC                                  = true                                      {product} {ergonomic}
     bool UseLargePagesIndividualAllocation        = false                                  {pd product} {ergonomic}

Logging:
Log output configuration:
 #0: stdout all=warning uptime,level,tags foldmultilines=false
 #1: stderr all=off uptime,level,tags foldmultilines=false

Environment Variables:
PATH=C:\Windows\system32;C:\Windows;C:\Windows\System32\Wbem;C:\Windows\System32\WindowsPowerShell\v1.0\;C:\Windows\System32\OpenSSH\;C:\Program Files\NVIDIA Corporation\NVIDIA NvDLISR;C:\Program Files (x86)\NVIDIA Corporation\PhysX\Common;C:\Program Files\Microsoft SQL Server\150\Tools\Binn\;C:\Program Files\Microsoft SQL Server\Client SDK\ODBC\170\Tools\Binn\;C:\Program Files\Microsoft SQL Server\Client SDK\ODBC\130\Tools\Binn\;C:\Program Files (x86)\Microsoft SQL Server\140\Tools\Binn\;C:\Program Files\Microsoft SQL Server\140\Tools\Binn\;C:\Program Files\Microsoft SQL Server\140\DTS\Binn\;C:\Program Files (x86)\Microsoft SQL Server\150\DTS\Binn\;C:\Program Files\Azure Data Studio\bin;C:\Program Files (x86)\Microsoft SQL Server\150\Tools\Binn\;C:\Program Files\Microsoft SQL Server\150\DTS\Binn\;C:\Program Files\dotnet\;D:\nodejs\;C:\Users\Kiki\AppData\Local\Microsoft\WindowsApps;C:\Users\Kiki\AppData\Local\GitHubDesktop\bin;C:\Users\Kiki\.dotnet\tools;C:\Program Files\Azure Data Studio\bin;D:\VSCode\Microsoft VS Code\bin;C:\Users\Kiki\AppData\Roaming\npm
USERNAME=Kiki
OS=Windows_NT
PROCESSOR_IDENTIFIER=AMD64 Family 23 Model 1 Stepping 1, AuthenticAMD



---------------  S Y S T E M  ---------------

OS:
 Windows 10 , 64 bit Build 19041 (10.0.19041.2364)
OS uptime: 2 days 4:49 hours

CPU: total 12 (initial active 12) (12 cores per cpu, 2 threads per core) family 23 model 1 stepping 1 microcode 0x0, cx8, cmov, fxsr, ht, mmx, 3dnowpref, sse, sse2, sse3, ssse3, sse4a, sse4.1, sse4.2, popcnt, lzcnt, tsc, tscinvbit, avx, avx2, aes, clmul, bmi1, bmi2, adx, sha, fma, vzeroupper, clflush, clflushopt

Memory: 4k page, system-wide physical 16336M (2666M free)
TotalPageFile size 30582M (AvailPageFile size 99M)
current process WorkingSet (physical memory assigned to process): 591M, peak: 591M
current process commit charge ("private bytes"): 775M, peak: 987M

vm_info: OpenJDK 64-Bit Server VM (18.0.2+9-FR) for windows-amd64 JRE (18.0.2+9-FR), built on Jul 15 2022 20:03:03 by "Administrator" with MS VC++ 15.9 (VS2017)

END.
